2024-01-08 21:41:34,302 CRIT Supervisor is running as root.  Privileges were not dropped because no user is specified in the config file.  If you intend to run as root, you can set user=root in the config file to avoid this message.
2024-01-08 21:41:34,305 INFO supervisord started with pid 1
2024-01-08 21:41:35,328 INFO spawned: 'nodemon' with pid 7
2024-01-08 21:41:35,330 INFO spawned: 'tsc-watch' with pid 8
2024-01-08 21:41:36,423 INFO success: nodemon entered RUNNING state, process has stayed up for > than 1 seconds (startsecs)
2024-01-08 21:41:36,424 INFO success: tsc-watch entered RUNNING state, process has stayed up for > than 1 seconds (startsecs)
2024-01-10 15:58:07,430 CRIT Supervisor is running as root.  Privileges were not dropped because no user is specified in the config file.  If you intend to run as root, you can set user=root in the config file to avoid this message.
2024-01-10 15:58:07,432 INFO supervisord started with pid 1
2024-01-10 15:58:08,435 INFO spawned: 'nodemon' with pid 7
2024-01-10 15:58:08,437 INFO spawned: 'tsc-watch' with pid 8
2024-01-10 15:58:10,417 INFO success: nodemon entered RUNNING state, process has stayed up for > than 1 seconds (startsecs)
2024-01-10 15:58:10,418 INFO success: tsc-watch entered RUNNING state, process has stayed up for > than 1 seconds (startsecs)
2024-01-11 15:15:24,055 CRIT Supervisor is running as root.  Privileges were not dropped because no user is specified in the config file.  If you intend to run as root, you can set user=root in the config file to avoid this message.
2024-01-11 15:15:24,058 INFO supervisord started with pid 1
2024-01-11 15:15:25,069 INFO spawned: 'nodemon' with pid 7
2024-01-11 15:15:25,071 INFO spawned: 'tsc-watch' with pid 8
2024-01-11 15:15:26,224 INFO success: nodemon entered RUNNING state, process has stayed up for > than 1 seconds (startsecs)
2024-01-11 15:15:26,224 INFO success: tsc-watch entered RUNNING state, process has stayed up for > than 1 seconds (startsecs)
2024-01-11 21:30:33,249 CRIT Supervisor is running as root.  Privileges were not dropped because no user is specified in the config file.  If you intend to run as root, you can set user=root in the config file to avoid this message.
2024-01-11 21:30:33,251 INFO supervisord started with pid 1
2024-01-11 21:30:34,276 INFO spawned: 'nodemon' with pid 7
2024-01-11 21:30:34,279 INFO spawned: 'tsc-watch' with pid 8
2024-01-11 21:30:35,674 INFO success: nodemon entered RUNNING state, process has stayed up for > than 1 seconds (startsecs)
2024-01-11 21:30:35,674 INFO success: tsc-watch entered RUNNING state, process has stayed up for > than 1 seconds (startsecs)
2024-01-11 22:27:54,002 CRIT Supervisor is running as root.  Privileges were not dropped because no user is specified in the config file.  If you intend to run as root, you can set user=root in the config file to avoid this message.
2024-01-11 22:27:54,004 INFO supervisord started with pid 1
2024-01-11 22:27:55,007 INFO spawned: 'nodemon' with pid 7
2024-01-11 22:27:55,009 INFO spawned: 'tsc-watch' with pid 8
2024-01-11 22:27:56,357 INFO success: nodemon entered RUNNING state, process has stayed up for > than 1 seconds (startsecs)
2024-01-11 22:27:56,357 INFO success: tsc-watch entered RUNNING state, process has stayed up for > than 1 seconds (startsecs)
2024-01-11 23:00:27,795 WARN received SIGTERM indicating exit request
2024-01-11 23:00:27,795 INFO waiting for nodemon, tsc-watch to die
2024-01-11 23:00:27,836 INFO stopped: tsc-watch (terminated by SIGTERM)
2024-01-11 23:00:27,879 INFO stopped: nodemon (exit status 143)
2024-01-11 23:00:27,879 INFO reaped unknown pid 1062 (exit status 0)
2024-01-11 23:00:49,641 CRIT Supervisor is running as root.  Privileges were not dropped because no user is specified in the config file.  If you intend to run as root, you can set user=root in the config file to avoid this message.
2024-01-11 23:00:49,643 INFO supervisord started with pid 1
2024-01-11 23:00:50,661 INFO spawned: 'nodemon' with pid 7
2024-01-11 23:00:50,663 INFO spawned: 'tsc-watch' with pid 8
2024-01-11 23:00:52,057 INFO success: nodemon entered RUNNING state, process has stayed up for > than 1 seconds (startsecs)
2024-01-11 23:00:52,057 INFO success: tsc-watch entered RUNNING state, process has stayed up for > than 1 seconds (startsecs)
2024-01-12 00:39:38,530 WARN received SIGTERM indicating exit request
2024-01-12 00:39:38,530 INFO waiting for nodemon, tsc-watch to die
2024-01-12 00:39:38,592 INFO stopped: tsc-watch (terminated by SIGTERM)
2024-01-12 00:39:38,633 INFO stopped: nodemon (exit status 143)
2024-01-12 15:13:06,191 CRIT Supervisor is running as root.  Privileges were not dropped because no user is specified in the config file.  If you intend to run as root, you can set user=root in the config file to avoid this message.
2024-01-12 15:13:06,299 INFO supervisord started with pid 1
2024-01-12 15:13:07,393 INFO spawned: 'nodemon' with pid 7
2024-01-12 15:13:07,403 INFO spawned: 'tsc-watch' with pid 8
2024-01-12 15:13:08,405 INFO success: nodemon entered RUNNING state, process has stayed up for > than 1 seconds (startsecs)
2024-01-12 15:13:08,405 INFO success: tsc-watch entered RUNNING state, process has stayed up for > than 1 seconds (startsecs)
2024-01-12 15:19:36,207 CRIT Supervisor is running as root.  Privileges were not dropped because no user is specified in the config file.  If you intend to run as root, you can set user=root in the config file to avoid this message.
2024-01-12 15:19:36,209 INFO supervisord started with pid 1
2024-01-12 15:19:37,212 INFO spawned: 'nodemon' with pid 7
2024-01-12 15:19:37,214 INFO spawned: 'tsc-watch' with pid 8
2024-01-12 15:19:38,556 INFO success: nodemon entered RUNNING state, process has stayed up for > than 1 seconds (startsecs)
2024-01-12 15:19:38,556 INFO success: tsc-watch entered RUNNING state, process has stayed up for > than 1 seconds (startsecs)
2024-01-13 00:35:37,918 WARN received SIGTERM indicating exit request
2024-01-13 00:35:37,919 INFO waiting for nodemon, tsc-watch to die
2024-01-13 00:35:37,995 INFO stopped: tsc-watch (terminated by SIGTERM)
2024-01-13 00:35:38,033 INFO stopped: nodemon (exit status 143)
2024-01-15 15:31:10,066 CRIT Supervisor is running as root.  Privileges were not dropped because no user is specified in the config file.  If you intend to run as root, you can set user=root in the config file to avoid this message.
2024-01-15 15:31:10,159 INFO supervisord started with pid 1
2024-01-15 15:31:11,193 INFO spawned: 'nodemon' with pid 7
2024-01-15 15:31:11,197 INFO spawned: 'tsc-watch' with pid 8
2024-01-15 15:31:12,199 INFO success: nodemon entered RUNNING state, process has stayed up for > than 1 seconds (startsecs)
2024-01-15 15:31:12,200 INFO success: tsc-watch entered RUNNING state, process has stayed up for > than 1 seconds (startsecs)
