/usr/src/app/node_modules/sequelize/lib/model.js:1368
    }).save(options);
       ^

TypeError: this.build(...).save is not a function
    at payment_intents.create (/usr/src/app/node_modules/sequelize/lib/model.js:1368:8)
    at /usr/src/app/dist/controllers/PaymentIntentController.js:131:49
    at process.processTicksAndRejections (node:internal/process/task_queues:95:5)

Node.js v18.19.0
/usr/src/app/dist/controllers/PaymentIntentController.js:134
                yield payment.save();
                ^^^^^

SyntaxError: Unexpected strict mode reserved word
    at internalCompileFunction (node:internal/vm:73:18)
    at wrapSafe (node:internal/modules/cjs/loader:1274:20)
    at Module._compile (node:internal/modules/cjs/loader:1320:27)
    at Module._extensions..js (node:internal/modules/cjs/loader:1414:10)
    at Module.load (node:internal/modules/cjs/loader:1197:32)
    at Module._load (node:internal/modules/cjs/loader:1013:12)
    at Module.require (node:internal/modules/cjs/loader:1225:19)
    at require (node:internal/modules/helpers:177:18)
    at Object.<anonymous> (/usr/src/app/dist/routes/PaymentIntentRoute.js:6:35)
    at Module._compile (node:internal/modules/cjs/loader:1356:14)

Node.js v18.19.0
/usr/src/app/dist/controllers/PaymentIntentController.js:135
                yield payment.save();
                ^^^^^

SyntaxError: Unexpected strict mode reserved word
    at internalCompileFunction (node:internal/vm:73:18)
    at wrapSafe (node:internal/modules/cjs/loader:1274:20)
    at Module._compile (node:internal/modules/cjs/loader:1320:27)
    at Module._extensions..js (node:internal/modules/cjs/loader:1414:10)
    at Module.load (node:internal/modules/cjs/loader:1197:32)
    at Module._load (node:internal/modules/cjs/loader:1013:12)
    at Module.require (node:internal/modules/cjs/loader:1225:19)
    at require (node:internal/modules/helpers:177:18)
    at Object.<anonymous> (/usr/src/app/dist/routes/PaymentIntentRoute.js:6:35)
    at Module._compile (node:internal/modules/cjs/loader:1356:14)

Node.js v18.19.0
/usr/src/app/dist/controllers/PaymentIntentController.js:134
                yield payment.save();
                ^^^^^

SyntaxError: Unexpected strict mode reserved word
    at internalCompileFunction (node:internal/vm:73:18)
    at wrapSafe (node:internal/modules/cjs/loader:1274:20)
    at Module._compile (node:internal/modules/cjs/loader:1320:27)
    at Module._extensions..js (node:internal/modules/cjs/loader:1414:10)
    at Module.load (node:internal/modules/cjs/loader:1197:32)
    at Module._load (node:internal/modules/cjs/loader:1013:12)
    at Module.require (node:internal/modules/cjs/loader:1225:19)
    at require (node:internal/modules/helpers:177:18)
    at Object.<anonymous> (/usr/src/app/dist/routes/PaymentIntentRoute.js:6:35)
    at Module._compile (node:internal/modules/cjs/loader:1356:14)

Node.js v18.19.0
/usr/src/app/dist/controllers/PaymentIntentController.js:134
                yield payment.save();
                ^^^^^

SyntaxError: Unexpected strict mode reserved word
    at internalCompileFunction (node:internal/vm:73:18)
    at wrapSafe (node:internal/modules/cjs/loader:1274:20)
    at Module._compile (node:internal/modules/cjs/loader:1320:27)
    at Module._extensions..js (node:internal/modules/cjs/loader:1414:10)
    at Module.load (node:internal/modules/cjs/loader:1197:32)
    at Module._load (node:internal/modules/cjs/loader:1013:12)
    at Module.require (node:internal/modules/cjs/loader:1225:19)
    at require (node:internal/modules/helpers:177:18)
    at Object.<anonymous> (/usr/src/app/dist/routes/PaymentIntentRoute.js:6:35)
    at Module._compile (node:internal/modules/cjs/loader:1356:14)

Node.js v18.19.0
/usr/src/app/dist/controllers/PaymentIntentController.js:134
                yield payment.save();
                ^^^^^

SyntaxError: Unexpected strict mode reserved word
    at internalCompileFunction (node:internal/vm:73:18)
    at wrapSafe (node:internal/modules/cjs/loader:1274:20)
    at Module._compile (node:internal/modules/cjs/loader:1320:27)
    at Module._extensions..js (node:internal/modules/cjs/loader:1414:10)
    at Module.load (node:internal/modules/cjs/loader:1197:32)
    at Module._load (node:internal/modules/cjs/loader:1013:12)
    at Module.require (node:internal/modules/cjs/loader:1225:19)
    at require (node:internal/modules/helpers:177:18)
    at Object.<anonymous> (/usr/src/app/dist/routes/PaymentIntentRoute.js:6:35)
    at Module._compile (node:internal/modules/cjs/loader:1356:14)

Node.js v18.19.0
node:internal/errors:496
    ErrorCaptureStackTrace(err);
    ^

Error [ERR_HTTP_HEADERS_SENT]: Cannot set headers after they are sent to the client
    at new NodeError (node:internal/errors:405:5)
    at ServerResponse.setHeader (node:_http_outgoing:648:11)
    at ServerResponse.header (/usr/src/app/node_modules/express/lib/response.js:794:10)
    at ServerResponse.send (/usr/src/app/node_modules/express/lib/response.js:174:12)
    at ServerResponse.json (/usr/src/app/node_modules/express/lib/response.js:278:15)
    at /usr/src/app/dist/controllers/StripeProductController.js:146:25
    at Generator.next (<anonymous>)
    at fulfilled (/usr/src/app/dist/controllers/StripeProductController.js:5:58)
    at process.processTicksAndRejections (node:internal/process/task_queues:95:5) {
  code: 'ERR_HTTP_HEADERS_SENT'
}

Node.js v18.19.0
node:internal/errors:496
    ErrorCaptureStackTrace(err);
    ^

Error [ERR_HTTP_HEADERS_SENT]: Cannot set headers after they are sent to the client
    at new NodeError (node:internal/errors:405:5)
    at ServerResponse.setHeader (node:_http_outgoing:648:11)
    at ServerResponse.header (/usr/src/app/node_modules/express/lib/response.js:794:10)
    at ServerResponse.send (/usr/src/app/node_modules/express/lib/response.js:174:12)
    at ServerResponse.json (/usr/src/app/node_modules/express/lib/response.js:278:15)
    at /usr/src/app/dist/controllers/StripeProductController.js:146:25
    at Generator.next (<anonymous>)
    at fulfilled (/usr/src/app/dist/controllers/StripeProductController.js:5:58)
    at process.processTicksAndRejections (node:internal/process/task_queues:95:5) {
  code: 'ERR_HTTP_HEADERS_SENT'
}

Node.js v18.19.0
node:internal/errors:496
    ErrorCaptureStackTrace(err);
    ^

Error [ERR_HTTP_HEADERS_SENT]: Cannot set headers after they are sent to the client
    at new NodeError (node:internal/errors:405:5)
    at ServerResponse.setHeader (node:_http_outgoing:648:11)
    at ServerResponse.header (/usr/src/app/node_modules/express/lib/response.js:794:10)
    at ServerResponse.send (/usr/src/app/node_modules/express/lib/response.js:174:12)
    at ServerResponse.json (/usr/src/app/node_modules/express/lib/response.js:278:15)
    at /usr/src/app/dist/controllers/StripeProductController.js:145:25
    at Generator.next (<anonymous>)
    at fulfilled (/usr/src/app/dist/controllers/StripeProductController.js:5:58)
    at process.processTicksAndRejections (node:internal/process/task_queues:95:5) {
  code: 'ERR_HTTP_HEADERS_SENT'
}

Node.js v18.19.0
node:internal/errors:496
    ErrorCaptureStackTrace(err);
    ^

Error [ERR_HTTP_HEADERS_SENT]: Cannot set headers after they are sent to the client
    at new NodeError (node:internal/errors:405:5)
    at ServerResponse.setHeader (node:_http_outgoing:648:11)
    at ServerResponse.header (/usr/src/app/node_modules/express/lib/response.js:794:10)
    at ServerResponse.send (/usr/src/app/node_modules/express/lib/response.js:174:12)
    at ServerResponse.json (/usr/src/app/node_modules/express/lib/response.js:278:15)
    at /usr/src/app/dist/controllers/StripeProductController.js:145:25
    at Generator.next (<anonymous>)
    at fulfilled (/usr/src/app/dist/controllers/StripeProductController.js:5:58)
    at process.processTicksAndRejections (node:internal/process/task_queues:95:5) {
  code: 'ERR_HTTP_HEADERS_SENT'
}

Node.js v18.19.0
node:internal/errors:496
    ErrorCaptureStackTrace(err);
    ^

Error [ERR_HTTP_HEADERS_SENT]: Cannot set headers after they are sent to the client
    at new NodeError (node:internal/errors:405:5)
    at ServerResponse.setHeader (node:_http_outgoing:648:11)
    at ServerResponse.header (/usr/src/app/node_modules/express/lib/response.js:794:10)
    at ServerResponse.send (/usr/src/app/node_modules/express/lib/response.js:174:12)
    at ServerResponse.json (/usr/src/app/node_modules/express/lib/response.js:278:15)
    at /usr/src/app/dist/controllers/StripeProductController.js:145:25
    at Generator.next (<anonymous>)
    at fulfilled (/usr/src/app/dist/controllers/StripeProductController.js:5:58)
    at process.processTicksAndRejections (node:internal/process/task_queues:95:5) {
  code: 'ERR_HTTP_HEADERS_SENT'
}

Node.js v18.19.0
node:internal/errors:496
    ErrorCaptureStackTrace(err);
    ^

Error [ERR_HTTP_HEADERS_SENT]: Cannot set headers after they are sent to the client
    at new NodeError (node:internal/errors:405:5)
    at ServerResponse.setHeader (node:_http_outgoing:648:11)
    at ServerResponse.header (/usr/src/app/node_modules/express/lib/response.js:794:10)
    at ServerResponse.send (/usr/src/app/node_modules/express/lib/response.js:174:12)
    at ServerResponse.json (/usr/src/app/node_modules/express/lib/response.js:278:15)
    at /usr/src/app/dist/controllers/StripeProductController.js:146:25
    at Generator.next (<anonymous>)
    at fulfilled (/usr/src/app/dist/controllers/StripeProductController.js:5:58)
    at process.processTicksAndRejections (node:internal/process/task_queues:95:5) {
  code: 'ERR_HTTP_HEADERS_SENT'
}

Node.js v18.19.0
node:internal/errors:496
    ErrorCaptureStackTrace(err);
    ^

Error [ERR_HTTP_HEADERS_SENT]: Cannot set headers after they are sent to the client
    at new NodeError (node:internal/errors:405:5)
    at ServerResponse.setHeader (node:_http_outgoing:648:11)
    at ServerResponse.header (/usr/src/app/node_modules/express/lib/response.js:794:10)
    at ServerResponse.send (/usr/src/app/node_modules/express/lib/response.js:174:12)
    at ServerResponse.json (/usr/src/app/node_modules/express/lib/response.js:278:15)
    at /usr/src/app/dist/controllers/StripeProductController.js:146:25
    at Generator.next (<anonymous>)
    at fulfilled (/usr/src/app/dist/controllers/StripeProductController.js:5:58)
    at process.processTicksAndRejections (node:internal/process/task_queues:95:5) {
  code: 'ERR_HTTP_HEADERS_SENT'
}

Node.js v18.19.0
node:internal/errors:496
    ErrorCaptureStackTrace(err);
    ^

Error [ERR_HTTP_HEADERS_SENT]: Cannot set headers after they are sent to the client
    at new NodeError (node:internal/errors:405:5)
    at ServerResponse.setHeader (node:_http_outgoing:648:11)
    at ServerResponse.header (/usr/src/app/node_modules/express/lib/response.js:794:10)
    at ServerResponse.send (/usr/src/app/node_modules/express/lib/response.js:174:12)
    at ServerResponse.json (/usr/src/app/node_modules/express/lib/response.js:278:15)
    at /usr/src/app/dist/controllers/StripeProductController.js:146:25
    at Generator.next (<anonymous>)
    at fulfilled (/usr/src/app/dist/controllers/StripeProductController.js:5:58)
    at process.processTicksAndRejections (node:internal/process/task_queues:95:5) {
  code: 'ERR_HTTP_HEADERS_SENT'
}

Node.js v18.19.0
/usr/src/app/dist/controllers/StripeProductController.js:108
            methods[] = 'oxxo';
                    ^

SyntaxError: Unexpected token ']'
    at internalCompileFunction (node:internal/vm:73:18)
    at wrapSafe (node:internal/modules/cjs/loader:1274:20)
    at Module._compile (node:internal/modules/cjs/loader:1320:27)
    at Module._extensions..js (node:internal/modules/cjs/loader:1414:10)
    at Module.load (node:internal/modules/cjs/loader:1197:32)
    at Module._load (node:internal/modules/cjs/loader:1013:12)
    at Module.require (node:internal/modules/cjs/loader:1225:19)
    at require (node:internal/modules/helpers:177:18)
    at Object.<anonymous> (/usr/src/app/dist/routes/paymentsRoute.js:11:35)
    at Module._compile (node:internal/modules/cjs/loader:1356:14)

Node.js v18.19.0
/usr/src/app/dist/controllers/StripeProductController.js:108
            methods[] = 'oxxo';
                    ^

SyntaxError: Unexpected token ']'
    at internalCompileFunction (node:internal/vm:73:18)
    at wrapSafe (node:internal/modules/cjs/loader:1274:20)
    at Module._compile (node:internal/modules/cjs/loader:1320:27)
    at Module._extensions..js (node:internal/modules/cjs/loader:1414:10)
    at Module.load (node:internal/modules/cjs/loader:1197:32)
    at Module._load (node:internal/modules/cjs/loader:1013:12)
    at Module.require (node:internal/modules/cjs/loader:1225:19)
    at require (node:internal/modules/helpers:177:18)
    at Object.<anonymous> (/usr/src/app/dist/routes/paymentsRoute.js:11:35)
    at Module._compile (node:internal/modules/cjs/loader:1356:14)

Node.js v18.19.0
/usr/src/app/dist/controllers/StripeProductController.js:108
            methods[] = 'oxxo';
                    ^

SyntaxError: Unexpected token ']'
    at internalCompileFunction (node:internal/vm:73:18)
    at wrapSafe (node:internal/modules/cjs/loader:1274:20)
    at Module._compile (node:internal/modules/cjs/loader:1320:27)
    at Module._extensions..js (node:internal/modules/cjs/loader:1414:10)
    at Module.load (node:internal/modules/cjs/loader:1197:32)
    at Module._load (node:internal/modules/cjs/loader:1013:12)
    at Module.require (node:internal/modules/cjs/loader:1225:19)
    at require (node:internal/modules/helpers:177:18)
    at Object.<anonymous> (/usr/src/app/dist/routes/paymentsRoute.js:11:35)
    at Module._compile (node:internal/modules/cjs/loader:1356:14)

Node.js v18.19.0
/usr/src/app/dist/controllers/StripeProductController.js:108
            methods[] = 'oxxo';
                    ^

SyntaxError: Unexpected token ']'
    at internalCompileFunction (node:internal/vm:73:18)
    at wrapSafe (node:internal/modules/cjs/loader:1274:20)
    at Module._compile (node:internal/modules/cjs/loader:1320:27)
    at Module._extensions..js (node:internal/modules/cjs/loader:1414:10)
    at Module.load (node:internal/modules/cjs/loader:1197:32)
    at Module._load (node:internal/modules/cjs/loader:1013:12)
    at Module.require (node:internal/modules/cjs/loader:1225:19)
    at require (node:internal/modules/helpers:177:18)
    at Object.<anonymous> (/usr/src/app/dist/routes/paymentsRoute.js:11:35)
    at Module._compile (node:internal/modules/cjs/loader:1356:14)

Node.js v18.19.0
/usr/src/app/dist/controllers/StripeProductController.js:109
            methods[] = 'card';
                    ^

SyntaxError: Unexpected token ']'
    at internalCompileFunction (node:internal/vm:73:18)
    at wrapSafe (node:internal/modules/cjs/loader:1274:20)
    at Module._compile (node:internal/modules/cjs/loader:1320:27)
    at Module._extensions..js (node:internal/modules/cjs/loader:1414:10)
    at Module.load (node:internal/modules/cjs/loader:1197:32)
    at Module._load (node:internal/modules/cjs/loader:1013:12)
    at Module.require (node:internal/modules/cjs/loader:1225:19)
    at require (node:internal/modules/helpers:177:18)
    at Object.<anonymous> (/usr/src/app/dist/routes/paymentsRoute.js:11:35)
    at Module._compile (node:internal/modules/cjs/loader:1356:14)

Node.js v18.19.0
node:internal/errors:496
    ErrorCaptureStackTrace(err);
    ^

Error [ERR_HTTP_HEADERS_SENT]: Cannot set headers after they are sent to the client
    at new NodeError (node:internal/errors:405:5)
    at ServerResponse.setHeader (node:_http_outgoing:648:11)
    at ServerResponse.header (/usr/src/app/node_modules/express/lib/response.js:794:10)
    at ServerResponse.send (/usr/src/app/node_modules/express/lib/response.js:174:12)
    at ServerResponse.json (/usr/src/app/node_modules/express/lib/response.js:278:15)
    at /usr/src/app/dist/controllers/StripeProductController.js:159:25
    at Generator.next (<anonymous>)
    at fulfilled (/usr/src/app/dist/controllers/StripeProductController.js:5:58)
    at process.processTicksAndRejections (node:internal/process/task_queues:95:5) {
  code: 'ERR_HTTP_HEADERS_SENT'
}

Node.js v18.19.0
node:internal/errors:496
    ErrorCaptureStackTrace(err);
    ^

Error [ERR_HTTP_HEADERS_SENT]: Cannot set headers after they are sent to the client
    at new NodeError (node:internal/errors:405:5)
    at ServerResponse.setHeader (node:_http_outgoing:648:11)
    at ServerResponse.header (/usr/src/app/node_modules/express/lib/response.js:794:10)
    at ServerResponse.send (/usr/src/app/node_modules/express/lib/response.js:174:12)
    at ServerResponse.json (/usr/src/app/node_modules/express/lib/response.js:278:15)
    at /usr/src/app/dist/controllers/StripeProductController.js:159:25
    at Generator.next (<anonymous>)
    at fulfilled (/usr/src/app/dist/controllers/StripeProductController.js:5:58)
    at process.processTicksAndRejections (node:internal/process/task_queues:95:5) {
  code: 'ERR_HTTP_HEADERS_SENT'
}

Node.js v18.19.0
node:internal/errors:496
    ErrorCaptureStackTrace(err);
    ^

Error [ERR_HTTP_HEADERS_SENT]: Cannot set headers after they are sent to the client
    at new NodeError (node:internal/errors:405:5)
    at ServerResponse.setHeader (node:_http_outgoing:648:11)
    at ServerResponse.header (/usr/src/app/node_modules/express/lib/response.js:794:10)
    at ServerResponse.send (/usr/src/app/node_modules/express/lib/response.js:174:12)
    at ServerResponse.json (/usr/src/app/node_modules/express/lib/response.js:278:15)
    at /usr/src/app/dist/controllers/StripeProductController.js:159:25
    at Generator.next (<anonymous>)
    at fulfilled (/usr/src/app/dist/controllers/StripeProductController.js:5:58)
    at process.processTicksAndRejections (node:internal/process/task_queues:95:5) {
  code: 'ERR_HTTP_HEADERS_SENT'
}

Node.js v18.19.0
node:internal/errors:496
    ErrorCaptureStackTrace(err);
    ^

Error [ERR_HTTP_HEADERS_SENT]: Cannot set headers after they are sent to the client
    at new NodeError (node:internal/errors:405:5)
    at ServerResponse.setHeader (node:_http_outgoing:648:11)
    at ServerResponse.header (/usr/src/app/node_modules/express/lib/response.js:794:10)
    at ServerResponse.send (/usr/src/app/node_modules/express/lib/response.js:174:12)
    at ServerResponse.json (/usr/src/app/node_modules/express/lib/response.js:278:15)
    at /usr/src/app/dist/controllers/StripeProductController.js:159:25
    at Generator.next (<anonymous>)
    at fulfilled (/usr/src/app/dist/controllers/StripeProductController.js:5:58)
    at process.processTicksAndRejections (node:internal/process/task_queues:95:5) {
  code: 'ERR_HTTP_HEADERS_SENT'
}

Node.js v18.19.0
node:internal/errors:496
    ErrorCaptureStackTrace(err);
    ^

Error [ERR_HTTP_HEADERS_SENT]: Cannot set headers after they are sent to the client
    at new NodeError (node:internal/errors:405:5)
    at ServerResponse.setHeader (node:_http_outgoing:648:11)
    at ServerResponse.header (/usr/src/app/node_modules/express/lib/response.js:794:10)
    at ServerResponse.send (/usr/src/app/node_modules/express/lib/response.js:174:12)
    at ServerResponse.json (/usr/src/app/node_modules/express/lib/response.js:278:15)
    at /usr/src/app/dist/controllers/StripeProductController.js:159:25
    at Generator.next (<anonymous>)
    at fulfilled (/usr/src/app/dist/controllers/StripeProductController.js:5:58)
    at process.processTicksAndRejections (node:internal/process/task_queues:95:5) {
  code: 'ERR_HTTP_HEADERS_SENT'
}

Node.js v18.19.0
node:internal/errors:496
    ErrorCaptureStackTrace(err);
    ^

Error [ERR_HTTP_HEADERS_SENT]: Cannot set headers after they are sent to the client
    at new NodeError (node:internal/errors:405:5)
    at ServerResponse.setHeader (node:_http_outgoing:648:11)
    at ServerResponse.header (/usr/src/app/node_modules/express/lib/response.js:794:10)
    at ServerResponse.send (/usr/src/app/node_modules/express/lib/response.js:174:12)
    at ServerResponse.json (/usr/src/app/node_modules/express/lib/response.js:278:15)
    at /usr/src/app/dist/controllers/StripeProductController.js:159:25
    at Generator.next (<anonymous>)
    at fulfilled (/usr/src/app/dist/controllers/StripeProductController.js:5:58)
    at process.processTicksAndRejections (node:internal/process/task_queues:95:5) {
  code: 'ERR_HTTP_HEADERS_SENT'
}

Node.js v18.19.0
node:internal/errors:496
    ErrorCaptureStackTrace(err);
    ^

Error [ERR_HTTP_HEADERS_SENT]: Cannot set headers after they are sent to the client
    at new NodeError (node:internal/errors:405:5)
    at ServerResponse.setHeader (node:_http_outgoing:648:11)
    at ServerResponse.header (/usr/src/app/node_modules/express/lib/response.js:794:10)
    at ServerResponse.send (/usr/src/app/node_modules/express/lib/response.js:174:12)
    at ServerResponse.json (/usr/src/app/node_modules/express/lib/response.js:278:15)
    at /usr/src/app/dist/controllers/StripeProductController.js:159:25
    at Generator.next (<anonymous>)
    at fulfilled (/usr/src/app/dist/controllers/StripeProductController.js:5:58)
    at process.processTicksAndRejections (node:internal/process/task_queues:95:5) {
  code: 'ERR_HTTP_HEADERS_SENT'
}

Node.js v18.19.0
