/usr/src/app/dist/models/server.js:61
                throw new Error(error);
                      ^

Error: SequelizeConnectionRefusedError: connect ECONNREFUSED 127.0.0.1:3306
    at Server.<anonymous> (/usr/src/app/dist/models/server.js:61:23)
    at Generator.throw (<anonymous>)
    at rejected (/usr/src/app/dist/models/server.js:6:65)
    at process.processTicksAndRejections (node:internal/process/task_queues:95:5)

Node.js v18.19.0
/usr/src/app/dist/models/server.js:61
                throw new Error(error);
                      ^

Error: SequelizeConnectionRefusedError: connect ECONNREFUSED 127.0.0.1:3306
    at Server.<anonymous> (/usr/src/app/dist/models/server.js:61:23)
    at Generator.throw (<anonymous>)
    at rejected (/usr/src/app/dist/models/server.js:6:65)
    at process.processTicksAndRejections (node:internal/process/task_queues:95:5)

Node.js v18.19.0
/usr/src/app/dist/models/server.js:61
                throw new Error(error);
                      ^

Error: SequelizeConnectionRefusedError: connect ECONNREFUSED 127.0.0.1:3306
    at Server.<anonymous> (/usr/src/app/dist/models/server.js:61:23)
    at Generator.throw (<anonymous>)
    at rejected (/usr/src/app/dist/models/server.js:6:65)
    at process.processTicksAndRejections (node:internal/process/task_queues:95:5)

Node.js v18.19.0
/usr/src/app/dist/models/server.js:61
                throw new Error(error);
                      ^

Error: SequelizeConnectionRefusedError: connect ECONNREFUSED 127.0.0.1:3306
    at Server.<anonymous> (/usr/src/app/dist/models/server.js:61:23)
    at Generator.throw (<anonymous>)
    at rejected (/usr/src/app/dist/models/server.js:6:65)
    at process.processTicksAndRejections (node:internal/process/task_queues:95:5)

Node.js v18.19.0
/usr/src/app/dist/db/connection.js:17
const db = new sequelize_1.Sequelize(dbName, dbUser, dbPassword, {
      ^

SyntaxError: Identifier 'db' has already been declared
    at internalCompileFunction (node:internal/vm:73:18)
    at wrapSafe (node:internal/modules/cjs/loader:1274:20)
    at Module._compile (node:internal/modules/cjs/loader:1320:27)
    at Module._extensions..js (node:internal/modules/cjs/loader:1414:10)
    at Module.load (node:internal/modules/cjs/loader:1197:32)
    at Module._load (node:internal/modules/cjs/loader:1013:12)
    at Module.require (node:internal/modules/cjs/loader:1225:19)
    at require (node:internal/modules/helpers:177:18)
    at Object.<anonymous> (/usr/src/app/dist/models/usersModel.js:7:38)
    at Module._compile (node:internal/modules/cjs/loader:1356:14)

Node.js v18.19.0
/usr/src/app/dist/db/connection.js:17
const db = new sequelize_1.Sequelize(dbName, dbUser, dbPassword, {
      ^

SyntaxError: Identifier 'db' has already been declared
    at internalCompileFunction (node:internal/vm:73:18)
    at wrapSafe (node:internal/modules/cjs/loader:1274:20)
    at Module._compile (node:internal/modules/cjs/loader:1320:27)
    at Module._extensions..js (node:internal/modules/cjs/loader:1414:10)
    at Module.load (node:internal/modules/cjs/loader:1197:32)
    at Module._load (node:internal/modules/cjs/loader:1013:12)
    at Module.require (node:internal/modules/cjs/loader:1225:19)
    at require (node:internal/modules/helpers:177:18)
    at Object.<anonymous> (/usr/src/app/dist/models/usersModel.js:7:38)
    at Module._compile (node:internal/modules/cjs/loader:1356:14)

Node.js v18.19.0
TypeError: res.send is not a function
    at successPay (/usr/src/app/dist/controllers/StripeProductController.js:164:9)
    at Layer.handle [as handle_request] (/usr/src/app/node_modules/express/lib/router/layer.js:95:5)
    at next (/usr/src/app/node_modules/express/lib/router/route.js:144:13)
    at Route.dispatch (/usr/src/app/node_modules/express/lib/router/route.js:114:3)
    at Layer.handle [as handle_request] (/usr/src/app/node_modules/express/lib/router/layer.js:95:5)
    at /usr/src/app/node_modules/express/lib/router/index.js:284:15
    at Function.process_params (/usr/src/app/node_modules/express/lib/router/index.js:346:12)
    at next (/usr/src/app/node_modules/express/lib/router/index.js:280:10)
    at Function.handle (/usr/src/app/node_modules/express/lib/router/index.js:175:3)
    at router (/usr/src/app/node_modules/express/lib/router/index.js:47:12)
/usr/src/app/node_modules/express/lib/router/route.js:211
        throw new Error(msg);
        ^

Error: Route.get() requires a callback function but got a [object Object]
    at Route.<computed> [as get] (/usr/src/app/node_modules/express/lib/router/route.js:211:15)
    at proto.<computed> [as get] (/usr/src/app/node_modules/express/lib/router/index.js:521:19)
    at Object.<anonymous> (/usr/src/app/dist/routes/paymentsRoute.js:43:8)
    at Module._compile (node:internal/modules/cjs/loader:1356:14)
    at Module._extensions..js (node:internal/modules/cjs/loader:1414:10)
    at Module.load (node:internal/modules/cjs/loader:1197:32)
    at Module._load (node:internal/modules/cjs/loader:1013:12)
    at Module.require (node:internal/modules/cjs/loader:1225:19)
    at require (node:internal/modules/helpers:177:18)
    at Object.<anonymous> (/usr/src/app/dist/models/server.js:19:41)

Node.js v18.19.0
/usr/src/app/node_modules/express/lib/router/route.js:211
        throw new Error(msg);
        ^

Error: Route.get() requires a callback function but got a [object Object]
    at Route.<computed> [as get] (/usr/src/app/node_modules/express/lib/router/route.js:211:15)
    at proto.<computed> [as get] (/usr/src/app/node_modules/express/lib/router/index.js:521:19)
    at Object.<anonymous> (/usr/src/app/dist/routes/paymentsRoute.js:43:8)
    at Module._compile (node:internal/modules/cjs/loader:1356:14)
    at Module._extensions..js (node:internal/modules/cjs/loader:1414:10)
    at Module.load (node:internal/modules/cjs/loader:1197:32)
    at Module._load (node:internal/modules/cjs/loader:1013:12)
    at Module.require (node:internal/modules/cjs/loader:1225:19)
    at require (node:internal/modules/helpers:177:18)
    at Object.<anonymous> (/usr/src/app/dist/models/server.js:19:41)

Node.js v18.19.0
/usr/src/app/node_modules/express/lib/router/route.js:211
        throw new Error(msg);
        ^

Error: Route.get() requires a callback function but got a [object Object]
    at Route.<computed> [as get] (/usr/src/app/node_modules/express/lib/router/route.js:211:15)
    at proto.<computed> [as get] (/usr/src/app/node_modules/express/lib/router/index.js:521:19)
    at Object.<anonymous> (/usr/src/app/dist/routes/paymentsRoute.js:43:8)
    at Module._compile (node:internal/modules/cjs/loader:1356:14)
    at Module._extensions..js (node:internal/modules/cjs/loader:1414:10)
    at Module.load (node:internal/modules/cjs/loader:1197:32)
    at Module._load (node:internal/modules/cjs/loader:1013:12)
    at Module.require (node:internal/modules/cjs/loader:1225:19)
    at require (node:internal/modules/helpers:177:18)
    at Object.<anonymous> (/usr/src/app/dist/models/server.js:19:41)

Node.js v18.19.0
node:internal/errors:496
    ErrorCaptureStackTrace(err);
    ^

Error [ERR_HTTP_HEADERS_SENT]: Cannot set headers after they are sent to the client
    at new NodeError (node:internal/errors:405:5)
    at ServerResponse.setHeader (node:_http_outgoing:648:11)
    at ServerResponse.header (/usr/src/app/node_modules/express/lib/response.js:794:10)
    at ServerResponse.send (/usr/src/app/node_modules/express/lib/response.js:174:12)
    at ServerResponse.json (/usr/src/app/node_modules/express/lib/response.js:278:15)
    at /usr/src/app/dist/controllers/StripeProductController.js:159:25
    at Generator.next (<anonymous>)
    at fulfilled (/usr/src/app/dist/controllers/StripeProductController.js:5:58)
    at process.processTicksAndRejections (node:internal/process/task_queues:95:5) {
  code: 'ERR_HTTP_HEADERS_SENT'
}

Node.js v18.19.0
node:internal/errors:496
    ErrorCaptureStackTrace(err);
    ^

Error [ERR_HTTP_HEADERS_SENT]: Cannot set headers after they are sent to the client
    at new NodeError (node:internal/errors:405:5)
    at ServerResponse.setHeader (node:_http_outgoing:648:11)
    at ServerResponse.header (/usr/src/app/node_modules/express/lib/response.js:794:10)
    at ServerResponse.send (/usr/src/app/node_modules/express/lib/response.js:174:12)
    at ServerResponse.json (/usr/src/app/node_modules/express/lib/response.js:278:15)
    at /usr/src/app/dist/controllers/StripeProductController.js:159:25
    at Generator.next (<anonymous>)
    at fulfilled (/usr/src/app/dist/controllers/StripeProductController.js:5:58)
    at process.processTicksAndRejections (node:internal/process/task_queues:95:5) {
  code: 'ERR_HTTP_HEADERS_SENT'
}

Node.js v18.19.0
node:internal/errors:496
    ErrorCaptureStackTrace(err);
    ^

Error [ERR_HTTP_HEADERS_SENT]: Cannot set headers after they are sent to the client
    at new NodeError (node:internal/errors:405:5)
    at ServerResponse.setHeader (node:_http_outgoing:648:11)
    at ServerResponse.header (/usr/src/app/node_modules/express/lib/response.js:794:10)
    at ServerResponse.send (/usr/src/app/node_modules/express/lib/response.js:174:12)
    at ServerResponse.json (/usr/src/app/node_modules/express/lib/response.js:278:15)
    at /usr/src/app/dist/controllers/StripeProductController.js:161:25
    at Generator.next (<anonymous>)
    at fulfilled (/usr/src/app/dist/controllers/StripeProductController.js:5:58)
    at process.processTicksAndRejections (node:internal/process/task_queues:95:5) {
  code: 'ERR_HTTP_HEADERS_SENT'
}

Node.js v18.19.0
node:internal/errors:496
    ErrorCaptureStackTrace(err);
    ^

Error [ERR_HTTP_HEADERS_SENT]: Cannot set headers after they are sent to the client
    at new NodeError (node:internal/errors:405:5)
    at ServerResponse.setHeader (node:_http_outgoing:648:11)
    at ServerResponse.header (/usr/src/app/node_modules/express/lib/response.js:794:10)
    at ServerResponse.send (/usr/src/app/node_modules/express/lib/response.js:174:12)
    at ServerResponse.json (/usr/src/app/node_modules/express/lib/response.js:278:15)
    at /usr/src/app/dist/controllers/StripeProductController.js:163:25
    at Generator.next (<anonymous>)
    at fulfilled (/usr/src/app/dist/controllers/StripeProductController.js:5:58)
    at process.processTicksAndRejections (node:internal/process/task_queues:95:5) {
  code: 'ERR_HTTP_HEADERS_SENT'
}

Node.js v18.19.0
node:internal/errors:496
    ErrorCaptureStackTrace(err);
    ^

Error [ERR_HTTP_HEADERS_SENT]: Cannot set headers after they are sent to the client
    at new NodeError (node:internal/errors:405:5)
    at ServerResponse.setHeader (node:_http_outgoing:648:11)
    at ServerResponse.header (/usr/src/app/node_modules/express/lib/response.js:794:10)
    at ServerResponse.send (/usr/src/app/node_modules/express/lib/response.js:174:12)
    at ServerResponse.json (/usr/src/app/node_modules/express/lib/response.js:278:15)
    at /usr/src/app/dist/controllers/StripeProductController.js:163:25
    at Generator.next (<anonymous>)
    at fulfilled (/usr/src/app/dist/controllers/StripeProductController.js:5:58)
    at process.processTicksAndRejections (node:internal/process/task_queues:95:5) {
  code: 'ERR_HTTP_HEADERS_SENT'
}

Node.js v18.19.0
node:internal/errors:496
    ErrorCaptureStackTrace(err);
    ^

Error [ERR_HTTP_HEADERS_SENT]: Cannot set headers after they are sent to the client
    at new NodeError (node:internal/errors:405:5)
    at ServerResponse.setHeader (node:_http_outgoing:648:11)
    at ServerResponse.header (/usr/src/app/node_modules/express/lib/response.js:794:10)
    at ServerResponse.send (/usr/src/app/node_modules/express/lib/response.js:174:12)
    at ServerResponse.json (/usr/src/app/node_modules/express/lib/response.js:278:15)
    at /usr/src/app/dist/controllers/StripeProductController.js:160:25
    at Generator.next (<anonymous>)
    at fulfilled (/usr/src/app/dist/controllers/StripeProductController.js:5:58)
    at process.processTicksAndRejections (node:internal/process/task_queues:95:5) {
  code: 'ERR_HTTP_HEADERS_SENT'
}

Node.js v18.19.0
node:internal/errors:496
    ErrorCaptureStackTrace(err);
    ^

Error [ERR_HTTP_HEADERS_SENT]: Cannot set headers after they are sent to the client
    at new NodeError (node:internal/errors:405:5)
    at ServerResponse.setHeader (node:_http_outgoing:648:11)
    at ServerResponse.header (/usr/src/app/node_modules/express/lib/response.js:794:10)
    at ServerResponse.send (/usr/src/app/node_modules/express/lib/response.js:174:12)
    at ServerResponse.json (/usr/src/app/node_modules/express/lib/response.js:278:15)
    at /usr/src/app/dist/controllers/StripeProductController.js:160:25
    at Generator.next (<anonymous>)
    at fulfilled (/usr/src/app/dist/controllers/StripeProductController.js:5:58)
    at process.processTicksAndRejections (node:internal/process/task_queues:95:5) {
  code: 'ERR_HTTP_HEADERS_SENT'
}

Node.js v18.19.0
node:internal/errors:496
    ErrorCaptureStackTrace(err);
    ^

Error [ERR_HTTP_HEADERS_SENT]: Cannot set headers after they are sent to the client
    at new NodeError (node:internal/errors:405:5)
    at ServerResponse.setHeader (node:_http_outgoing:648:11)
    at ServerResponse.header (/usr/src/app/node_modules/express/lib/response.js:794:10)
    at ServerResponse.send (/usr/src/app/node_modules/express/lib/response.js:174:12)
    at ServerResponse.json (/usr/src/app/node_modules/express/lib/response.js:278:15)
    at /usr/src/app/dist/controllers/StripeProductController.js:160:25
    at Generator.next (<anonymous>)
    at fulfilled (/usr/src/app/dist/controllers/StripeProductController.js:5:58)
    at process.processTicksAndRejections (node:internal/process/task_queues:95:5) {
  code: 'ERR_HTTP_HEADERS_SENT'
}

Node.js v18.19.0
node:internal/errors:496
    ErrorCaptureStackTrace(err);
    ^

Error [ERR_HTTP_HEADERS_SENT]: Cannot set headers after they are sent to the client
    at new NodeError (node:internal/errors:405:5)
    at ServerResponse.setHeader (node:_http_outgoing:648:11)
    at ServerResponse.header (/usr/src/app/node_modules/express/lib/response.js:794:10)
    at ServerResponse.send (/usr/src/app/node_modules/express/lib/response.js:174:12)
    at ServerResponse.json (/usr/src/app/node_modules/express/lib/response.js:278:15)
    at /usr/src/app/dist/controllers/StripeProductController.js:160:25
    at Generator.next (<anonymous>)
    at fulfilled (/usr/src/app/dist/controllers/StripeProductController.js:5:58)
    at process.processTicksAndRejections (node:internal/process/task_queues:95:5) {
  code: 'ERR_HTTP_HEADERS_SENT'
}

Node.js v18.19.0
node:internal/errors:496
    ErrorCaptureStackTrace(err);
    ^

Error [ERR_HTTP_HEADERS_SENT]: Cannot set headers after they are sent to the client
    at new NodeError (node:internal/errors:405:5)
    at ServerResponse.setHeader (node:_http_outgoing:648:11)
    at ServerResponse.header (/usr/src/app/node_modules/express/lib/response.js:794:10)
    at ServerResponse.send (/usr/src/app/node_modules/express/lib/response.js:174:12)
    at ServerResponse.json (/usr/src/app/node_modules/express/lib/response.js:278:15)
    at /usr/src/app/dist/controllers/StripeProductController.js:160:25
    at Generator.next (<anonymous>)
    at fulfilled (/usr/src/app/dist/controllers/StripeProductController.js:5:58)
    at process.processTicksAndRejections (node:internal/process/task_queues:95:5) {
  code: 'ERR_HTTP_HEADERS_SENT'
}

Node.js v18.19.0
node:internal/errors:496
    ErrorCaptureStackTrace(err);
    ^

Error [ERR_HTTP_HEADERS_SENT]: Cannot set headers after they are sent to the client
    at new NodeError (node:internal/errors:405:5)
    at ServerResponse.setHeader (node:_http_outgoing:648:11)
    at ServerResponse.header (/usr/src/app/node_modules/express/lib/response.js:794:10)
    at ServerResponse.send (/usr/src/app/node_modules/express/lib/response.js:174:12)
    at ServerResponse.json (/usr/src/app/node_modules/express/lib/response.js:278:15)
    at /usr/src/app/dist/controllers/StripeProductController.js:160:25
    at Generator.next (<anonymous>)
    at fulfilled (/usr/src/app/dist/controllers/StripeProductController.js:5:58)
    at process.processTicksAndRejections (node:internal/process/task_queues:95:5) {
  code: 'ERR_HTTP_HEADERS_SENT'
}

Node.js v18.19.0
node:internal/process/promises:288
            triggerUncaughtException(err, true /* fromPromise */);
            ^

Error
    at Query.run (/usr/src/app/node_modules/sequelize/lib/dialects/mysql/query.js:52:25)
    at /usr/src/app/node_modules/sequelize/lib/sequelize.js:315:28
    at process.processTicksAndRejections (node:internal/process/task_queues:95:5)
    at async MySQLQueryInterface.insert (/usr/src/app/node_modules/sequelize/lib/dialects/abstract/query-interface.js:308:21)
    at async model.save (/usr/src/app/node_modules/sequelize/lib/model.js:2490:35) {
  name: 'SequelizeDatabaseError',
  parent: Error: Field 'amount' doesn't have a default value
      at Packet.asError (/usr/src/app/node_modules/mysql2/lib/packets/packet.js:728:17)
      at Execute.execute (/usr/src/app/node_modules/mysql2/lib/commands/command.js:29:26)
      at Connection.handlePacket (/usr/src/app/node_modules/mysql2/lib/connection.js:456:32)
      at PacketParser.onPacket (/usr/src/app/node_modules/mysql2/lib/connection.js:85:12)
      at PacketParser.executeStart (/usr/src/app/node_modules/mysql2/lib/packet_parser.js:75:16)
      at Socket.<anonymous> (/usr/src/app/node_modules/mysql2/lib/connection.js:92:25)
      at Socket.emit (node:events:517:28)
      at addChunk (node:internal/streams/readable:368:12)
      at readableAddChunk (node:internal/streams/readable:341:9)
      at Readable.push (node:internal/streams/readable:278:10) {
    code: 'ER_NO_DEFAULT_FOR_FIELD',
    errno: 1364,
    sqlState: 'HY000',
    sqlMessage: "Field 'amount' doesn't have a default value",
    sql: 'INSERT INTO `payment_intents` (`id`,`status`) VALUES (DEFAULT,?);',
    parameters: [ 'complete' ]
  },
  original: Error: Field 'amount' doesn't have a default value
      at Packet.asError (/usr/src/app/node_modules/mysql2/lib/packets/packet.js:728:17)
      at Execute.execute (/usr/src/app/node_modules/mysql2/lib/commands/command.js:29:26)
      at Connection.handlePacket (/usr/src/app/node_modules/mysql2/lib/connection.js:456:32)
      at PacketParser.onPacket (/usr/src/app/node_modules/mysql2/lib/connection.js:85:12)
      at PacketParser.executeStart (/usr/src/app/node_modules/mysql2/lib/packet_parser.js:75:16)
      at Socket.<anonymous> (/usr/src/app/node_modules/mysql2/lib/connection.js:92:25)
      at Socket.emit (node:events:517:28)
      at addChunk (node:internal/streams/readable:368:12)
      at readableAddChunk (node:internal/streams/readable:341:9)
      at Readable.push (node:internal/streams/readable:278:10) {
    code: 'ER_NO_DEFAULT_FOR_FIELD',
    errno: 1364,
    sqlState: 'HY000',
    sqlMessage: "Field 'amount' doesn't have a default value",
    sql: 'INSERT INTO `payment_intents` (`id`,`status`) VALUES (DEFAULT,?);',
    parameters: [ 'complete' ]
  },
  sql: 'INSERT INTO `payment_intents` (`id`,`status`) VALUES (DEFAULT,?);',
  parameters: [ 'complete' ]
}

Node.js v18.19.0
node:internal/errors:496
    ErrorCaptureStackTrace(err);
    ^

Error [ERR_HTTP_HEADERS_SENT]: Cannot set headers after they are sent to the client
    at new NodeError (node:internal/errors:405:5)
    at ServerResponse.setHeader (node:_http_outgoing:648:11)
    at ServerResponse.header (/usr/src/app/node_modules/express/lib/response.js:794:10)
    at ServerResponse.json (/usr/src/app/node_modules/express/lib/response.js:275:10)
    at /usr/src/app/dist/controllers/PaymentIntentController.js:89:25
    at Generator.throw (<anonymous>)
    at rejected (/usr/src/app/dist/controllers/PaymentIntentController.js:6:65)
    at process.processTicksAndRejections (node:internal/process/task_queues:95:5) {
  code: 'ERR_HTTP_HEADERS_SENT'
}

Node.js v18.19.0
node:internal/errors:496
    ErrorCaptureStackTrace(err);
    ^

Error [ERR_HTTP_HEADERS_SENT]: Cannot set headers after they are sent to the client
    at new NodeError (node:internal/errors:405:5)
    at ServerResponse.setHeader (node:_http_outgoing:648:11)
    at ServerResponse.header (/usr/src/app/node_modules/express/lib/response.js:794:10)
    at ServerResponse.json (/usr/src/app/node_modules/express/lib/response.js:275:10)
    at /usr/src/app/dist/controllers/PaymentIntentController.js:89:25
    at Generator.next (<anonymous>)
    at fulfilled (/usr/src/app/dist/controllers/PaymentIntentController.js:5:58)
    at process.processTicksAndRejections (node:internal/process/task_queues:95:5) {
  code: 'ERR_HTTP_HEADERS_SENT'
}

Node.js v18.19.0
node:internal/errors:496
    ErrorCaptureStackTrace(err);
    ^

Error [ERR_HTTP_HEADERS_SENT]: Cannot set headers after they are sent to the client
    at new NodeError (node:internal/errors:405:5)
    at ServerResponse.setHeader (node:_http_outgoing:648:11)
    at ServerResponse.header (/usr/src/app/node_modules/express/lib/response.js:794:10)
    at ServerResponse.json (/usr/src/app/node_modules/express/lib/response.js:275:10)
    at /usr/src/app/dist/controllers/PaymentIntentController.js:89:25
    at Generator.next (<anonymous>)
    at fulfilled (/usr/src/app/dist/controllers/PaymentIntentController.js:5:58)
    at process.processTicksAndRejections (node:internal/process/task_queues:95:5) {
  code: 'ERR_HTTP_HEADERS_SENT'
}

Node.js v18.19.0
node:internal/errors:496
    ErrorCaptureStackTrace(err);
    ^

Error [ERR_HTTP_HEADERS_SENT]: Cannot set headers after they are sent to the client
    at new NodeError (node:internal/errors:405:5)
    at ServerResponse.setHeader (node:_http_outgoing:648:11)
    at ServerResponse.header (/usr/src/app/node_modules/express/lib/response.js:794:10)
    at ServerResponse.json (/usr/src/app/node_modules/express/lib/response.js:275:10)
    at /usr/src/app/dist/controllers/PaymentIntentController.js:89:25
    at Generator.throw (<anonymous>)
    at rejected (/usr/src/app/dist/controllers/PaymentIntentController.js:6:65)
    at process.processTicksAndRejections (node:internal/process/task_queues:95:5) {
  code: 'ERR_HTTP_HEADERS_SENT'
}

Node.js v18.19.0
node:internal/errors:496
    ErrorCaptureStackTrace(err);
    ^

Error [ERR_HTTP_HEADERS_SENT]: Cannot set headers after they are sent to the client
    at new NodeError (node:internal/errors:405:5)
    at ServerResponse.setHeader (node:_http_outgoing:648:11)
    at ServerResponse.header (/usr/src/app/node_modules/express/lib/response.js:794:10)
    at ServerResponse.json (/usr/src/app/node_modules/express/lib/response.js:275:10)
    at /usr/src/app/dist/controllers/PaymentIntentController.js:89:25
    at Generator.next (<anonymous>)
    at fulfilled (/usr/src/app/dist/controllers/PaymentIntentController.js:5:58)
    at process.processTicksAndRejections (node:internal/process/task_queues:95:5) {
  code: 'ERR_HTTP_HEADERS_SENT'
}

Node.js v18.19.0
node:internal/errors:496
    ErrorCaptureStackTrace(err);
    ^

Error [ERR_HTTP_HEADERS_SENT]: Cannot set headers after they are sent to the client
    at new NodeError (node:internal/errors:405:5)
    at ServerResponse.setHeader (node:_http_outgoing:648:11)
    at ServerResponse.header (/usr/src/app/node_modules/express/lib/response.js:794:10)
    at ServerResponse.json (/usr/src/app/node_modules/express/lib/response.js:275:10)
    at /usr/src/app/dist/controllers/PaymentIntentController.js:90:25
    at Generator.next (<anonymous>)
    at fulfilled (/usr/src/app/dist/controllers/PaymentIntentController.js:5:58)
    at process.processTicksAndRejections (node:internal/process/task_queues:95:5) {
  code: 'ERR_HTTP_HEADERS_SENT'
}

Node.js v18.19.0
node:internal/errors:496
    ErrorCaptureStackTrace(err);
    ^

Error [ERR_HTTP_HEADERS_SENT]: Cannot set headers after they are sent to the client
    at new NodeError (node:internal/errors:405:5)
    at ServerResponse.setHeader (node:_http_outgoing:648:11)
    at ServerResponse.header (/usr/src/app/node_modules/express/lib/response.js:794:10)
    at ServerResponse.json (/usr/src/app/node_modules/express/lib/response.js:275:10)
    at /usr/src/app/dist/controllers/PaymentIntentController.js:92:25
    at Generator.next (<anonymous>)
    at fulfilled (/usr/src/app/dist/controllers/PaymentIntentController.js:5:58)
    at process.processTicksAndRejections (node:internal/process/task_queues:95:5) {
  code: 'ERR_HTTP_HEADERS_SENT'
}

Node.js v18.19.0
node:internal/errors:496
    ErrorCaptureStackTrace(err);
    ^

Error [ERR_HTTP_HEADERS_SENT]: Cannot set headers after they are sent to the client
    at new NodeError (node:internal/errors:405:5)
    at ServerResponse.setHeader (node:_http_outgoing:648:11)
    at ServerResponse.header (/usr/src/app/node_modules/express/lib/response.js:794:10)
    at ServerResponse.json (/usr/src/app/node_modules/express/lib/response.js:275:10)
    at /usr/src/app/dist/controllers/PaymentIntentController.js:92:25
    at Generator.next (<anonymous>)
    at fulfilled (/usr/src/app/dist/controllers/PaymentIntentController.js:5:58)
    at process.processTicksAndRejections (node:internal/process/task_queues:95:5) {
  code: 'ERR_HTTP_HEADERS_SENT'
}

Node.js v18.19.0
/usr/src/app/dist/controllers/PaymentIntentController.js:84
vals['eta_id'] = 1;
^

ReferenceError: vals is not defined
    at Object.<anonymous> (/usr/src/app/dist/controllers/PaymentIntentController.js:84:1)
    at Module._compile (node:internal/modules/cjs/loader:1356:14)
    at Module._extensions..js (node:internal/modules/cjs/loader:1414:10)
    at Module.load (node:internal/modules/cjs/loader:1197:32)
    at Module._load (node:internal/modules/cjs/loader:1013:12)
    at Module.require (node:internal/modules/cjs/loader:1225:19)
    at require (node:internal/modules/helpers:177:18)
    at Object.<anonymous> (/usr/src/app/dist/routes/PaymentIntentRoute.js:6:35)
    at Module._compile (node:internal/modules/cjs/loader:1356:14)
    at Module._extensions..js (node:internal/modules/cjs/loader:1414:10)

Node.js v18.19.0
/usr/src/app/dist/controllers/PaymentIntentController.js:79
                const etaData = eta;
                ^^^^^

SyntaxError: Unexpected token 'const'
    at internalCompileFunction (node:internal/vm:73:18)
    at wrapSafe (node:internal/modules/cjs/loader:1274:20)
    at Module._compile (node:internal/modules/cjs/loader:1320:27)
    at Module._extensions..js (node:internal/modules/cjs/loader:1414:10)
    at Module.load (node:internal/modules/cjs/loader:1197:32)
    at Module._load (node:internal/modules/cjs/loader:1013:12)
    at Module.require (node:internal/modules/cjs/loader:1225:19)
    at require (node:internal/modules/helpers:177:18)
    at Object.<anonymous> (/usr/src/app/dist/routes/PaymentIntentRoute.js:6:35)
    at Module._compile (node:internal/modules/cjs/loader:1356:14)

Node.js v18.19.0
/usr/src/app/dist/controllers/PaymentIntentController.js:79
                const etaData = eta;
                ^^^^^

SyntaxError: Unexpected token 'const'
    at internalCompileFunction (node:internal/vm:73:18)
    at wrapSafe (node:internal/modules/cjs/loader:1274:20)
    at Module._compile (node:internal/modules/cjs/loader:1320:27)
    at Module._extensions..js (node:internal/modules/cjs/loader:1414:10)
    at Module.load (node:internal/modules/cjs/loader:1197:32)
    at Module._load (node:internal/modules/cjs/loader:1013:12)
    at Module.require (node:internal/modules/cjs/loader:1225:19)
    at require (node:internal/modules/helpers:177:18)
    at Object.<anonymous> (/usr/src/app/dist/routes/PaymentIntentRoute.js:6:35)
    at Module._compile (node:internal/modules/cjs/loader:1356:14)

Node.js v18.19.0
/usr/src/app/dist/controllers/PaymentIntentController.js:79
                const etaData = eta;
                ^^^^^

SyntaxError: Unexpected token 'const'
    at internalCompileFunction (node:internal/vm:73:18)
    at wrapSafe (node:internal/modules/cjs/loader:1274:20)
    at Module._compile (node:internal/modules/cjs/loader:1320:27)
    at Module._extensions..js (node:internal/modules/cjs/loader:1414:10)
    at Module.load (node:internal/modules/cjs/loader:1197:32)
    at Module._load (node:internal/modules/cjs/loader:1013:12)
    at Module.require (node:internal/modules/cjs/loader:1225:19)
    at require (node:internal/modules/helpers:177:18)
    at Object.<anonymous> (/usr/src/app/dist/routes/PaymentIntentRoute.js:6:35)
    at Module._compile (node:internal/modules/cjs/loader:1356:14)

Node.js v18.19.0
/usr/src/app/dist/controllers/PaymentIntentController.js:79
                const etaData = eta;
                ^^^^^

SyntaxError: Unexpected token 'const'
    at internalCompileFunction (node:internal/vm:73:18)
    at wrapSafe (node:internal/modules/cjs/loader:1274:20)
    at Module._compile (node:internal/modules/cjs/loader:1320:27)
    at Module._extensions..js (node:internal/modules/cjs/loader:1414:10)
    at Module.load (node:internal/modules/cjs/loader:1197:32)
    at Module._load (node:internal/modules/cjs/loader:1013:12)
    at Module.require (node:internal/modules/cjs/loader:1225:19)
    at require (node:internal/modules/helpers:177:18)
    at Object.<anonymous> (/usr/src/app/dist/routes/PaymentIntentRoute.js:6:35)
    at Module._compile (node:internal/modules/cjs/loader:1356:14)

Node.js v18.19.0
/usr/src/app/dist/controllers/PaymentIntentController.js:79
                const etaData = eta;
                ^^^^^

SyntaxError: Unexpected token 'const'
    at internalCompileFunction (node:internal/vm:73:18)
    at wrapSafe (node:internal/modules/cjs/loader:1274:20)
    at Module._compile (node:internal/modules/cjs/loader:1320:27)
    at Module._extensions..js (node:internal/modules/cjs/loader:1414:10)
    at Module.load (node:internal/modules/cjs/loader:1197:32)
    at Module._load (node:internal/modules/cjs/loader:1013:12)
    at Module.require (node:internal/modules/cjs/loader:1225:19)
    at require (node:internal/modules/helpers:177:18)
    at Object.<anonymous> (/usr/src/app/dist/routes/PaymentIntentRoute.js:6:35)
    at Module._compile (node:internal/modules/cjs/loader:1356:14)

Node.js v18.19.0
/usr/src/app/dist/controllers/PaymentIntentController.js:79
                const etaData = eta;
                ^^^^^

SyntaxError: Unexpected token 'const'
    at internalCompileFunction (node:internal/vm:73:18)
    at wrapSafe (node:internal/modules/cjs/loader:1274:20)
    at Module._compile (node:internal/modules/cjs/loader:1320:27)
    at Module._extensions..js (node:internal/modules/cjs/loader:1414:10)
    at Module.load (node:internal/modules/cjs/loader:1197:32)
    at Module._load (node:internal/modules/cjs/loader:1013:12)
    at Module.require (node:internal/modules/cjs/loader:1225:19)
    at require (node:internal/modules/helpers:177:18)
    at Object.<anonymous> (/usr/src/app/dist/routes/PaymentIntentRoute.js:6:35)
    at Module._compile (node:internal/modules/cjs/loader:1356:14)

Node.js v18.19.0
/usr/src/app/dist/controllers/PaymentIntentController.js:79
                const etaData = eta;
                ^^^^^

SyntaxError: Unexpected token 'const'
    at internalCompileFunction (node:internal/vm:73:18)
    at wrapSafe (node:internal/modules/cjs/loader:1274:20)
    at Module._compile (node:internal/modules/cjs/loader:1320:27)
    at Module._extensions..js (node:internal/modules/cjs/loader:1414:10)
    at Module.load (node:internal/modules/cjs/loader:1197:32)
    at Module._load (node:internal/modules/cjs/loader:1013:12)
    at Module.require (node:internal/modules/cjs/loader:1225:19)
    at require (node:internal/modules/helpers:177:18)
    at Object.<anonymous> (/usr/src/app/dist/routes/PaymentIntentRoute.js:6:35)
    at Module._compile (node:internal/modules/cjs/loader:1356:14)

Node.js v18.19.0
/usr/src/app/dist/controllers/PaymentIntentController.js:79
                const etaData = eta;
                ^^^^^

SyntaxError: Unexpected token 'const'
    at internalCompileFunction (node:internal/vm:73:18)
    at wrapSafe (node:internal/modules/cjs/loader:1274:20)
    at Module._compile (node:internal/modules/cjs/loader:1320:27)
    at Module._extensions..js (node:internal/modules/cjs/loader:1414:10)
    at Module.load (node:internal/modules/cjs/loader:1197:32)
    at Module._load (node:internal/modules/cjs/loader:1013:12)
    at Module.require (node:internal/modules/cjs/loader:1225:19)
    at require (node:internal/modules/helpers:177:18)
    at Object.<anonymous> (/usr/src/app/dist/routes/PaymentIntentRoute.js:6:35)
    at Module._compile (node:internal/modules/cjs/loader:1356:14)

Node.js v18.19.0
/usr/src/app/dist/controllers/PaymentIntentController.js:79
                const etaData = eta;
                ^^^^^

SyntaxError: Unexpected token 'const'
    at internalCompileFunction (node:internal/vm:73:18)
    at wrapSafe (node:internal/modules/cjs/loader:1274:20)
    at Module._compile (node:internal/modules/cjs/loader:1320:27)
    at Module._extensions..js (node:internal/modules/cjs/loader:1414:10)
    at Module.load (node:internal/modules/cjs/loader:1197:32)
    at Module._load (node:internal/modules/cjs/loader:1013:12)
    at Module.require (node:internal/modules/cjs/loader:1225:19)
    at require (node:internal/modules/helpers:177:18)
    at Object.<anonymous> (/usr/src/app/dist/routes/PaymentIntentRoute.js:6:35)
    at Module._compile (node:internal/modules/cjs/loader:1356:14)

Node.js v18.19.0
(node:7) MaxListenersExceededWarning: Possible EventEmitter memory leak detected. 11 exit listeners added to [Bus]. Use emitter.setMaxListeners() to increase limit
(Use `node --trace-warnings ...` to show where the warning was created)
/usr/src/app/dist/controllers/PaymentIntentController.js:79
                const etaData = eta;
                ^^^^^

SyntaxError: Unexpected token 'const'
    at internalCompileFunction (node:internal/vm:73:18)
    at wrapSafe (node:internal/modules/cjs/loader:1274:20)
    at Module._compile (node:internal/modules/cjs/loader:1320:27)
    at Module._extensions..js (node:internal/modules/cjs/loader:1414:10)
    at Module.load (node:internal/modules/cjs/loader:1197:32)
    at Module._load (node:internal/modules/cjs/loader:1013:12)
    at Module.require (node:internal/modules/cjs/loader:1225:19)
    at require (node:internal/modules/helpers:177:18)
    at Object.<anonymous> (/usr/src/app/dist/routes/PaymentIntentRoute.js:6:35)
    at Module._compile (node:internal/modules/cjs/loader:1356:14)

Node.js v18.19.0
/usr/src/app/dist/controllers/PaymentIntentController.js:79
                const etaData = eta;
                ^^^^^

SyntaxError: Unexpected token 'const'
    at internalCompileFunction (node:internal/vm:73:18)
    at wrapSafe (node:internal/modules/cjs/loader:1274:20)
    at Module._compile (node:internal/modules/cjs/loader:1320:27)
    at Module._extensions..js (node:internal/modules/cjs/loader:1414:10)
    at Module.load (node:internal/modules/cjs/loader:1197:32)
    at Module._load (node:internal/modules/cjs/loader:1013:12)
    at Module.require (node:internal/modules/cjs/loader:1225:19)
    at require (node:internal/modules/helpers:177:18)
    at Object.<anonymous> (/usr/src/app/dist/routes/PaymentIntentRoute.js:6:35)
    at Module._compile (node:internal/modules/cjs/loader:1356:14)

Node.js v18.19.0
/usr/src/app/dist/controllers/PaymentIntentController.js:79
                const etaData = eta;
                ^^^^^

SyntaxError: Unexpected token 'const'
    at internalCompileFunction (node:internal/vm:73:18)
    at wrapSafe (node:internal/modules/cjs/loader:1274:20)
    at Module._compile (node:internal/modules/cjs/loader:1320:27)
    at Module._extensions..js (node:internal/modules/cjs/loader:1414:10)
    at Module.load (node:internal/modules/cjs/loader:1197:32)
    at Module._load (node:internal/modules/cjs/loader:1013:12)
    at Module.require (node:internal/modules/cjs/loader:1225:19)
    at require (node:internal/modules/helpers:177:18)
    at Object.<anonymous> (/usr/src/app/dist/routes/PaymentIntentRoute.js:6:35)
    at Module._compile (node:internal/modules/cjs/loader:1356:14)

Node.js v18.19.0
/usr/src/app/dist/controllers/PaymentIntentController.js:79
                const etaData = eta;
                ^^^^^

SyntaxError: Unexpected token 'const'
    at internalCompileFunction (node:internal/vm:73:18)
    at wrapSafe (node:internal/modules/cjs/loader:1274:20)
    at Module._compile (node:internal/modules/cjs/loader:1320:27)
    at Module._extensions..js (node:internal/modules/cjs/loader:1414:10)
    at Module.load (node:internal/modules/cjs/loader:1197:32)
    at Module._load (node:internal/modules/cjs/loader:1013:12)
    at Module.require (node:internal/modules/cjs/loader:1225:19)
    at require (node:internal/modules/helpers:177:18)
    at Object.<anonymous> (/usr/src/app/dist/routes/PaymentIntentRoute.js:6:35)
    at Module._compile (node:internal/modules/cjs/loader:1356:14)

Node.js v18.19.0
/usr/src/app/dist/controllers/PaymentIntentController.js:79
                const etaData = eta;
                ^^^^^

SyntaxError: Unexpected token 'const'
    at internalCompileFunction (node:internal/vm:73:18)
    at wrapSafe (node:internal/modules/cjs/loader:1274:20)
    at Module._compile (node:internal/modules/cjs/loader:1320:27)
    at Module._extensions..js (node:internal/modules/cjs/loader:1414:10)
    at Module.load (node:internal/modules/cjs/loader:1197:32)
    at Module._load (node:internal/modules/cjs/loader:1013:12)
    at Module.require (node:internal/modules/cjs/loader:1225:19)
    at require (node:internal/modules/helpers:177:18)
    at Object.<anonymous> (/usr/src/app/dist/routes/PaymentIntentRoute.js:6:35)
    at Module._compile (node:internal/modules/cjs/loader:1356:14)

Node.js v18.19.0
/usr/src/app/dist/controllers/PaymentIntentController.js:79
                const etaData = eta;
                ^^^^^

SyntaxError: Unexpected token 'const'
    at internalCompileFunction (node:internal/vm:73:18)
    at wrapSafe (node:internal/modules/cjs/loader:1274:20)
    at Module._compile (node:internal/modules/cjs/loader:1320:27)
    at Module._extensions..js (node:internal/modules/cjs/loader:1414:10)
    at Module.load (node:internal/modules/cjs/loader:1197:32)
    at Module._load (node:internal/modules/cjs/loader:1013:12)
    at Module.require (node:internal/modules/cjs/loader:1225:19)
    at require (node:internal/modules/helpers:177:18)
    at Object.<anonymous> (/usr/src/app/dist/routes/PaymentIntentRoute.js:6:35)
    at Module._compile (node:internal/modules/cjs/loader:1356:14)

Node.js v18.19.0
/usr/src/app/dist/controllers/StripeProductController.js:184
        import * as https from 'https';
        ^^^^^^

SyntaxError: Cannot use import statement outside a module
    at internalCompileFunction (node:internal/vm:73:18)
    at wrapSafe (node:internal/modules/cjs/loader:1274:20)
    at Module._compile (node:internal/modules/cjs/loader:1320:27)
    at Module._extensions..js (node:internal/modules/cjs/loader:1414:10)
    at Module.load (node:internal/modules/cjs/loader:1197:32)
    at Module._load (node:internal/modules/cjs/loader:1013:12)
    at Module.require (node:internal/modules/cjs/loader:1225:19)
    at require (node:internal/modules/helpers:177:18)
    at Object.<anonymous> (/usr/src/app/dist/routes/paymentsRoute.js:11:35)
    at Module._compile (node:internal/modules/cjs/loader:1356:14)

Node.js v18.19.0
/usr/src/app/dist/controllers/StripeProductController.js:184
        import * as https from 'https';
        ^^^^^^

SyntaxError: Cannot use import statement outside a module
    at internalCompileFunction (node:internal/vm:73:18)
    at wrapSafe (node:internal/modules/cjs/loader:1274:20)
    at Module._compile (node:internal/modules/cjs/loader:1320:27)
    at Module._extensions..js (node:internal/modules/cjs/loader:1414:10)
    at Module.load (node:internal/modules/cjs/loader:1197:32)
    at Module._load (node:internal/modules/cjs/loader:1013:12)
    at Module.require (node:internal/modules/cjs/loader:1225:19)
    at require (node:internal/modules/helpers:177:18)
    at Object.<anonymous> (/usr/src/app/dist/routes/paymentsRoute.js:11:35)
    at Module._compile (node:internal/modules/cjs/loader:1356:14)

Node.js v18.19.0
node:internal/modules/cjs/loader:1137
  throw err;
  ^

Error: Cannot find module 'xml2js'
Require stack:
- /usr/src/app/dist/controllers/StripeProductController.js
- /usr/src/app/dist/routes/paymentsRoute.js
- /usr/src/app/dist/models/server.js
- /usr/src/app/dist/app.js
    at Module._resolveFilename (node:internal/modules/cjs/loader:1134:15)
    at Module._load (node:internal/modules/cjs/loader:975:27)
    at Module.require (node:internal/modules/cjs/loader:1225:19)
    at require (node:internal/modules/helpers:177:18)
    at Object.<anonymous> (/usr/src/app/dist/controllers/StripeProductController.js:41:18)
    at Module._compile (node:internal/modules/cjs/loader:1356:14)
    at Module._extensions..js (node:internal/modules/cjs/loader:1414:10)
    at Module.load (node:internal/modules/cjs/loader:1197:32)
    at Module._load (node:internal/modules/cjs/loader:1013:12)
    at Module.require (node:internal/modules/cjs/loader:1225:19) {
  code: 'MODULE_NOT_FOUND',
  requireStack: [
    '/usr/src/app/dist/controllers/StripeProductController.js',
    '/usr/src/app/dist/routes/paymentsRoute.js',
    '/usr/src/app/dist/models/server.js',
    '/usr/src/app/dist/app.js'
  ]
}

Node.js v18.19.0
node:internal/modules/cjs/loader:1137
  throw err;
  ^

Error: Cannot find module 'xml2js'
Require stack:
- /usr/src/app/dist/controllers/StripeProductController.js
- /usr/src/app/dist/routes/paymentsRoute.js
- /usr/src/app/dist/models/server.js
- /usr/src/app/dist/app.js
    at Module._resolveFilename (node:internal/modules/cjs/loader:1134:15)
    at Module._load (node:internal/modules/cjs/loader:975:27)
    at Module.require (node:internal/modules/cjs/loader:1225:19)
    at require (node:internal/modules/helpers:177:18)
    at Object.<anonymous> (/usr/src/app/dist/controllers/StripeProductController.js:41:18)
    at Module._compile (node:internal/modules/cjs/loader:1356:14)
    at Module._extensions..js (node:internal/modules/cjs/loader:1414:10)
    at Module.load (node:internal/modules/cjs/loader:1197:32)
    at Module._load (node:internal/modules/cjs/loader:1013:12)
    at Module.require (node:internal/modules/cjs/loader:1225:19) {
  code: 'MODULE_NOT_FOUND',
  requireStack: [
    '/usr/src/app/dist/controllers/StripeProductController.js',
    '/usr/src/app/dist/routes/paymentsRoute.js',
    '/usr/src/app/dist/models/server.js',
    '/usr/src/app/dist/app.js'
  ]
}

Node.js v18.19.0
node:internal/modules/cjs/loader:1137
  throw err;
  ^

Error: Cannot find module 'xml2js'
Require stack:
- /usr/src/app/dist/controllers/StripeProductController.js
- /usr/src/app/dist/routes/paymentsRoute.js
- /usr/src/app/dist/models/server.js
- /usr/src/app/dist/app.js
    at Module._resolveFilename (node:internal/modules/cjs/loader:1134:15)
    at Module._load (node:internal/modules/cjs/loader:975:27)
    at Module.require (node:internal/modules/cjs/loader:1225:19)
    at require (node:internal/modules/helpers:177:18)
    at Object.<anonymous> (/usr/src/app/dist/controllers/StripeProductController.js:41:18)
    at Module._compile (node:internal/modules/cjs/loader:1356:14)
    at Module._extensions..js (node:internal/modules/cjs/loader:1414:10)
    at Module.load (node:internal/modules/cjs/loader:1197:32)
    at Module._load (node:internal/modules/cjs/loader:1013:12)
    at Module.require (node:internal/modules/cjs/loader:1225:19) {
  code: 'MODULE_NOT_FOUND',
  requireStack: [
    '/usr/src/app/dist/controllers/StripeProductController.js',
    '/usr/src/app/dist/routes/paymentsRoute.js',
    '/usr/src/app/dist/models/server.js',
    '/usr/src/app/dist/app.js'
  ]
}

Node.js v18.19.0
node:internal/modules/cjs/loader:1137
  throw err;
  ^

Error: Cannot find module 'xml2js'
Require stack:
- /usr/src/app/dist/controllers/StripeProductController.js
- /usr/src/app/dist/routes/paymentsRoute.js
- /usr/src/app/dist/models/server.js
- /usr/src/app/dist/app.js
    at Module._resolveFilename (node:internal/modules/cjs/loader:1134:15)
    at Module._load (node:internal/modules/cjs/loader:975:27)
    at Module.require (node:internal/modules/cjs/loader:1225:19)
    at require (node:internal/modules/helpers:177:18)
    at Object.<anonymous> (/usr/src/app/dist/controllers/StripeProductController.js:41:18)
    at Module._compile (node:internal/modules/cjs/loader:1356:14)
    at Module._extensions..js (node:internal/modules/cjs/loader:1414:10)
    at Module.load (node:internal/modules/cjs/loader:1197:32)
    at Module._load (node:internal/modules/cjs/loader:1013:12)
    at Module.require (node:internal/modules/cjs/loader:1225:19) {
  code: 'MODULE_NOT_FOUND',
  requireStack: [
    '/usr/src/app/dist/controllers/StripeProductController.js',
    '/usr/src/app/dist/routes/paymentsRoute.js',
    '/usr/src/app/dist/models/server.js',
    '/usr/src/app/dist/app.js'
  ]
}

Node.js v18.19.0
node:internal/modules/cjs/loader:1137
  throw err;
  ^

Error: Cannot find module 'xml2js'
Require stack:
- /usr/src/app/dist/controllers/StripeProductController.js
- /usr/src/app/dist/routes/paymentsRoute.js
- /usr/src/app/dist/models/server.js
- /usr/src/app/dist/app.js
    at Module._resolveFilename (node:internal/modules/cjs/loader:1134:15)
    at Module._load (node:internal/modules/cjs/loader:975:27)
    at Module.require (node:internal/modules/cjs/loader:1225:19)
    at require (node:internal/modules/helpers:177:18)
    at Object.<anonymous> (/usr/src/app/dist/controllers/StripeProductController.js:41:18)
    at Module._compile (node:internal/modules/cjs/loader:1356:14)
    at Module._extensions..js (node:internal/modules/cjs/loader:1414:10)
    at Module.load (node:internal/modules/cjs/loader:1197:32)
    at Module._load (node:internal/modules/cjs/loader:1013:12)
    at Module.require (node:internal/modules/cjs/loader:1225:19) {
  code: 'MODULE_NOT_FOUND',
  requireStack: [
    '/usr/src/app/dist/controllers/StripeProductController.js',
    '/usr/src/app/dist/routes/paymentsRoute.js',
    '/usr/src/app/dist/models/server.js',
    '/usr/src/app/dist/app.js'
  ]
}

Node.js v18.19.0
node:internal/modules/cjs/loader:1137
  throw err;
  ^

Error: Cannot find module 'xml2js'
Require stack:
- /usr/src/app/dist/controllers/StripeProductController.js
- /usr/src/app/dist/routes/paymentsRoute.js
- /usr/src/app/dist/models/server.js
- /usr/src/app/dist/app.js
    at Module._resolveFilename (node:internal/modules/cjs/loader:1134:15)
    at Module._load (node:internal/modules/cjs/loader:975:27)
    at Module.require (node:internal/modules/cjs/loader:1225:19)
    at require (node:internal/modules/helpers:177:18)
    at Object.<anonymous> (/usr/src/app/dist/controllers/StripeProductController.js:41:18)
    at Module._compile (node:internal/modules/cjs/loader:1356:14)
    at Module._extensions..js (node:internal/modules/cjs/loader:1414:10)
    at Module.load (node:internal/modules/cjs/loader:1197:32)
    at Module._load (node:internal/modules/cjs/loader:1013:12)
    at Module.require (node:internal/modules/cjs/loader:1225:19) {
  code: 'MODULE_NOT_FOUND',
  requireStack: [
    '/usr/src/app/dist/controllers/StripeProductController.js',
    '/usr/src/app/dist/routes/paymentsRoute.js',
    '/usr/src/app/dist/models/server.js',
    '/usr/src/app/dist/app.js'
  ]
}

Node.js v18.19.0
node:internal/modules/cjs/loader:1137
  throw err;
  ^

Error: Cannot find module 'xml2js'
Require stack:
- /usr/src/app/dist/controllers/StripeProductController.js
- /usr/src/app/dist/routes/paymentsRoute.js
- /usr/src/app/dist/models/server.js
- /usr/src/app/dist/app.js
    at Module._resolveFilename (node:internal/modules/cjs/loader:1134:15)
    at Module._load (node:internal/modules/cjs/loader:975:27)
    at Module.require (node:internal/modules/cjs/loader:1225:19)
    at require (node:internal/modules/helpers:177:18)
    at Object.<anonymous> (/usr/src/app/dist/controllers/StripeProductController.js:41:18)
    at Module._compile (node:internal/modules/cjs/loader:1356:14)
    at Module._extensions..js (node:internal/modules/cjs/loader:1414:10)
    at Module.load (node:internal/modules/cjs/loader:1197:32)
    at Module._load (node:internal/modules/cjs/loader:1013:12)
    at Module.require (node:internal/modules/cjs/loader:1225:19) {
  code: 'MODULE_NOT_FOUND',
  requireStack: [
    '/usr/src/app/dist/controllers/StripeProductController.js',
    '/usr/src/app/dist/routes/paymentsRoute.js',
    '/usr/src/app/dist/models/server.js',
    '/usr/src/app/dist/app.js'
  ]
}

Node.js v18.19.0
node:internal/modules/cjs/loader:1137
  throw err;
  ^

Error: Cannot find module 'xml2js'
Require stack:
- /usr/src/app/dist/controllers/StripeProductController.js
- /usr/src/app/dist/routes/paymentsRoute.js
- /usr/src/app/dist/models/server.js
- /usr/src/app/dist/app.js
    at Module._resolveFilename (node:internal/modules/cjs/loader:1134:15)
    at Module._load (node:internal/modules/cjs/loader:975:27)
    at Module.require (node:internal/modules/cjs/loader:1225:19)
    at require (node:internal/modules/helpers:177:18)
    at Object.<anonymous> (/usr/src/app/dist/controllers/StripeProductController.js:41:18)
    at Module._compile (node:internal/modules/cjs/loader:1356:14)
    at Module._extensions..js (node:internal/modules/cjs/loader:1414:10)
    at Module.load (node:internal/modules/cjs/loader:1197:32)
    at Module._load (node:internal/modules/cjs/loader:1013:12)
    at Module.require (node:internal/modules/cjs/loader:1225:19) {
  code: 'MODULE_NOT_FOUND',
  requireStack: [
    '/usr/src/app/dist/controllers/StripeProductController.js',
    '/usr/src/app/dist/routes/paymentsRoute.js',
    '/usr/src/app/dist/models/server.js',
    '/usr/src/app/dist/app.js'
  ]
}

Node.js v18.19.0
/usr/src/app/dist/controllers/StripeProductController.js:227
        sendXMLRequest = ();
                          ^

SyntaxError: Unexpected token ')'
    at internalCompileFunction (node:internal/vm:73:18)
    at wrapSafe (node:internal/modules/cjs/loader:1274:20)
    at Module._compile (node:internal/modules/cjs/loader:1320:27)
    at Module._extensions..js (node:internal/modules/cjs/loader:1414:10)
    at Module.load (node:internal/modules/cjs/loader:1197:32)
    at Module._load (node:internal/modules/cjs/loader:1013:12)
    at Module.require (node:internal/modules/cjs/loader:1225:19)
    at require (node:internal/modules/helpers:177:18)
    at Object.<anonymous> (/usr/src/app/dist/routes/paymentsRoute.js:11:35)
    at Module._compile (node:internal/modules/cjs/loader:1356:14)

Node.js v18.19.0
(node:7) MaxListenersExceededWarning: Possible EventEmitter memory leak detected. 11 exit listeners added to [Bus]. Use emitter.setMaxListeners() to increase limit
node:internal/modules/cjs/loader:1137
  throw err;
  ^

Error: Cannot find module 'xml2js'
Require stack:
- /usr/src/app/dist/controllers/StripeProductController.js
- /usr/src/app/dist/routes/paymentsRoute.js
- /usr/src/app/dist/models/server.js
- /usr/src/app/dist/app.js
    at Module._resolveFilename (node:internal/modules/cjs/loader:1134:15)
    at Module._load (node:internal/modules/cjs/loader:975:27)
    at Module.require (node:internal/modules/cjs/loader:1225:19)
    at require (node:internal/modules/helpers:177:18)
    at Object.<anonymous> (/usr/src/app/dist/controllers/StripeProductController.js:41:18)
    at Module._compile (node:internal/modules/cjs/loader:1356:14)
    at Module._extensions..js (node:internal/modules/cjs/loader:1414:10)
    at Module.load (node:internal/modules/cjs/loader:1197:32)
    at Module._load (node:internal/modules/cjs/loader:1013:12)
    at Module.require (node:internal/modules/cjs/loader:1225:19) {
  code: 'MODULE_NOT_FOUND',
  requireStack: [
    '/usr/src/app/dist/controllers/StripeProductController.js',
    '/usr/src/app/dist/routes/paymentsRoute.js',
    '/usr/src/app/dist/models/server.js',
    '/usr/src/app/dist/app.js'
  ]
}

Node.js v18.19.0
node:internal/modules/cjs/loader:1137
  throw err;
  ^

Error: Cannot find module 'xml2js'
Require stack:
- /usr/src/app/dist/controllers/StripeProductController.js
- /usr/src/app/dist/routes/paymentsRoute.js
- /usr/src/app/dist/models/server.js
- /usr/src/app/dist/app.js
    at Module._resolveFilename (node:internal/modules/cjs/loader:1134:15)
    at Module._load (node:internal/modules/cjs/loader:975:27)
    at Module.require (node:internal/modules/cjs/loader:1225:19)
    at require (node:internal/modules/helpers:177:18)
    at Object.<anonymous> (/usr/src/app/dist/controllers/StripeProductController.js:41:18)
    at Module._compile (node:internal/modules/cjs/loader:1356:14)
    at Module._extensions..js (node:internal/modules/cjs/loader:1414:10)
    at Module.load (node:internal/modules/cjs/loader:1197:32)
    at Module._load (node:internal/modules/cjs/loader:1013:12)
    at Module.require (node:internal/modules/cjs/loader:1225:19) {
  code: 'MODULE_NOT_FOUND',
  requireStack: [
    '/usr/src/app/dist/controllers/StripeProductController.js',
    '/usr/src/app/dist/routes/paymentsRoute.js',
    '/usr/src/app/dist/models/server.js',
    '/usr/src/app/dist/app.js'
  ]
}

Node.js v18.19.0
node:internal/modules/cjs/loader:1137
  throw err;
  ^

Error: Cannot find module 'xml2js'
Require stack:
- /usr/src/app/dist/controllers/StripeProductController.js
- /usr/src/app/dist/routes/paymentsRoute.js
- /usr/src/app/dist/models/server.js
- /usr/src/app/dist/app.js
    at Module._resolveFilename (node:internal/modules/cjs/loader:1134:15)
    at Module._load (node:internal/modules/cjs/loader:975:27)
    at Module.require (node:internal/modules/cjs/loader:1225:19)
    at require (node:internal/modules/helpers:177:18)
    at Object.<anonymous> (/usr/src/app/dist/controllers/StripeProductController.js:41:18)
    at Module._compile (node:internal/modules/cjs/loader:1356:14)
    at Module._extensions..js (node:internal/modules/cjs/loader:1414:10)
    at Module.load (node:internal/modules/cjs/loader:1197:32)
    at Module._load (node:internal/modules/cjs/loader:1013:12)
    at Module.require (node:internal/modules/cjs/loader:1225:19) {
  code: 'MODULE_NOT_FOUND',
  requireStack: [
    '/usr/src/app/dist/controllers/StripeProductController.js',
    '/usr/src/app/dist/routes/paymentsRoute.js',
    '/usr/src/app/dist/models/server.js',
    '/usr/src/app/dist/app.js'
  ]
}

Node.js v18.19.0
node:internal/modules/cjs/loader:1137
  throw err;
  ^

Error: Cannot find module 'xml2js'
Require stack:
- /usr/src/app/dist/controllers/StripeProductController.js
- /usr/src/app/dist/routes/paymentsRoute.js
- /usr/src/app/dist/models/server.js
- /usr/src/app/dist/app.js
    at Module._resolveFilename (node:internal/modules/cjs/loader:1134:15)
    at Module._load (node:internal/modules/cjs/loader:975:27)
    at Module.require (node:internal/modules/cjs/loader:1225:19)
    at require (node:internal/modules/helpers:177:18)
    at Object.<anonymous> (/usr/src/app/dist/controllers/StripeProductController.js:41:18)
    at Module._compile (node:internal/modules/cjs/loader:1356:14)
    at Module._extensions..js (node:internal/modules/cjs/loader:1414:10)
    at Module.load (node:internal/modules/cjs/loader:1197:32)
    at Module._load (node:internal/modules/cjs/loader:1013:12)
    at Module.require (node:internal/modules/cjs/loader:1225:19) {
  code: 'MODULE_NOT_FOUND',
  requireStack: [
    '/usr/src/app/dist/controllers/StripeProductController.js',
    '/usr/src/app/dist/routes/paymentsRoute.js',
    '/usr/src/app/dist/models/server.js',
    '/usr/src/app/dist/app.js'
  ]
}

Node.js v18.19.0
node:internal/modules/cjs/loader:1137
  throw err;
  ^

Error: Cannot find module 'xml2js'
Require stack:
- /usr/src/app/dist/controllers/StripeProductController.js
- /usr/src/app/dist/routes/paymentsRoute.js
- /usr/src/app/dist/models/server.js
- /usr/src/app/dist/app.js
    at Module._resolveFilename (node:internal/modules/cjs/loader:1134:15)
    at Module._load (node:internal/modules/cjs/loader:975:27)
    at Module.require (node:internal/modules/cjs/loader:1225:19)
    at require (node:internal/modules/helpers:177:18)
    at Object.<anonymous> (/usr/src/app/dist/controllers/StripeProductController.js:41:18)
    at Module._compile (node:internal/modules/cjs/loader:1356:14)
    at Module._extensions..js (node:internal/modules/cjs/loader:1414:10)
    at Module.load (node:internal/modules/cjs/loader:1197:32)
    at Module._load (node:internal/modules/cjs/loader:1013:12)
    at Module.require (node:internal/modules/cjs/loader:1225:19) {
  code: 'MODULE_NOT_FOUND',
  requireStack: [
    '/usr/src/app/dist/controllers/StripeProductController.js',
    '/usr/src/app/dist/routes/paymentsRoute.js',
    '/usr/src/app/dist/models/server.js',
    '/usr/src/app/dist/app.js'
  ]
}

Node.js v18.19.0
/usr/src/app/dist/controllers/StripeProductController.js:227
        const url = 'https://www.myvirtualmerchant.com/VirtualMerchant/processxml.do; ;
                    ^^^^^^^^^^^^^^^^^^^^^^^^^^^^^^^^^^^^^^^^^^^^^^^^^^^^^^^^^^^^^^^^^^^

SyntaxError: Invalid or unexpected token
    at internalCompileFunction (node:internal/vm:73:18)
    at wrapSafe (node:internal/modules/cjs/loader:1274:20)
    at Module._compile (node:internal/modules/cjs/loader:1320:27)
    at Module._extensions..js (node:internal/modules/cjs/loader:1414:10)
    at Module.load (node:internal/modules/cjs/loader:1197:32)
    at Module._load (node:internal/modules/cjs/loader:1013:12)
    at Module.require (node:internal/modules/cjs/loader:1225:19)
    at require (node:internal/modules/helpers:177:18)
    at Object.<anonymous> (/usr/src/app/dist/routes/paymentsRoute.js:11:35)
    at Module._compile (node:internal/modules/cjs/loader:1356:14)

Node.js v18.19.0
/usr/src/app/dist/controllers/StripeProductController.js:227
        const url = 'https://www.myvirtualmerchant.com/VirtualMerchant/processxml.do; ;
                    ^^^^^^^^^^^^^^^^^^^^^^^^^^^^^^^^^^^^^^^^^^^^^^^^^^^^^^^^^^^^^^^^^^^

SyntaxError: Invalid or unexpected token
    at internalCompileFunction (node:internal/vm:73:18)
    at wrapSafe (node:internal/modules/cjs/loader:1274:20)
    at Module._compile (node:internal/modules/cjs/loader:1320:27)
    at Module._extensions..js (node:internal/modules/cjs/loader:1414:10)
    at Module.load (node:internal/modules/cjs/loader:1197:32)
    at Module._load (node:internal/modules/cjs/loader:1013:12)
    at Module.require (node:internal/modules/cjs/loader:1225:19)
    at require (node:internal/modules/helpers:177:18)
    at Object.<anonymous> (/usr/src/app/dist/routes/paymentsRoute.js:11:35)
    at Module._compile (node:internal/modules/cjs/loader:1356:14)

Node.js v18.19.0
node:internal/modules/cjs/loader:1137
  throw err;
  ^

Error: Cannot find module 'xml2js'
Require stack:
- /usr/src/app/dist/controllers/StripeProductController.js
- /usr/src/app/dist/routes/paymentsRoute.js
- /usr/src/app/dist/models/server.js
- /usr/src/app/dist/app.js
    at Module._resolveFilename (node:internal/modules/cjs/loader:1134:15)
    at Module._load (node:internal/modules/cjs/loader:975:27)
    at Module.require (node:internal/modules/cjs/loader:1225:19)
    at require (node:internal/modules/helpers:177:18)
    at Object.<anonymous> (/usr/src/app/dist/controllers/StripeProductController.js:41:18)
    at Module._compile (node:internal/modules/cjs/loader:1356:14)
    at Module._extensions..js (node:internal/modules/cjs/loader:1414:10)
    at Module.load (node:internal/modules/cjs/loader:1197:32)
    at Module._load (node:internal/modules/cjs/loader:1013:12)
    at Module.require (node:internal/modules/cjs/loader:1225:19) {
  code: 'MODULE_NOT_FOUND',
  requireStack: [
    '/usr/src/app/dist/controllers/StripeProductController.js',
    '/usr/src/app/dist/routes/paymentsRoute.js',
    '/usr/src/app/dist/models/server.js',
    '/usr/src/app/dist/app.js'
  ]
}

Node.js v18.19.0
node:internal/modules/cjs/loader:1137
  throw err;
  ^

Error: Cannot find module 'xml2js'
Require stack:
- /usr/src/app/dist/controllers/StripeProductController.js
- /usr/src/app/dist/routes/paymentsRoute.js
- /usr/src/app/dist/models/server.js
- /usr/src/app/dist/app.js
    at Module._resolveFilename (node:internal/modules/cjs/loader:1134:15)
    at Module._load (node:internal/modules/cjs/loader:975:27)
    at Module.require (node:internal/modules/cjs/loader:1225:19)
    at require (node:internal/modules/helpers:177:18)
    at Object.<anonymous> (/usr/src/app/dist/controllers/StripeProductController.js:41:18)
    at Module._compile (node:internal/modules/cjs/loader:1356:14)
    at Module._extensions..js (node:internal/modules/cjs/loader:1414:10)
    at Module.load (node:internal/modules/cjs/loader:1197:32)
    at Module._load (node:internal/modules/cjs/loader:1013:12)
    at Module.require (node:internal/modules/cjs/loader:1225:19) {
  code: 'MODULE_NOT_FOUND',
  requireStack: [
    '/usr/src/app/dist/controllers/StripeProductController.js',
    '/usr/src/app/dist/routes/paymentsRoute.js',
    '/usr/src/app/dist/models/server.js',
    '/usr/src/app/dist/app.js'
  ]
}

Node.js v18.19.0
node:internal/modules/cjs/loader:1137
  throw err;
  ^

Error: Cannot find module 'xml2js'
Require stack:
- /usr/src/app/dist/controllers/StripeProductController.js
- /usr/src/app/dist/routes/paymentsRoute.js
- /usr/src/app/dist/models/server.js
- /usr/src/app/dist/app.js
    at Module._resolveFilename (node:internal/modules/cjs/loader:1134:15)
    at Module._load (node:internal/modules/cjs/loader:975:27)
    at Module.require (node:internal/modules/cjs/loader:1225:19)
    at require (node:internal/modules/helpers:177:18)
    at Object.<anonymous> (/usr/src/app/dist/controllers/StripeProductController.js:41:18)
    at Module._compile (node:internal/modules/cjs/loader:1356:14)
    at Module._extensions..js (node:internal/modules/cjs/loader:1414:10)
    at Module.load (node:internal/modules/cjs/loader:1197:32)
    at Module._load (node:internal/modules/cjs/loader:1013:12)
    at Module.require (node:internal/modules/cjs/loader:1225:19) {
  code: 'MODULE_NOT_FOUND',
  requireStack: [
    '/usr/src/app/dist/controllers/StripeProductController.js',
    '/usr/src/app/dist/routes/paymentsRoute.js',
    '/usr/src/app/dist/models/server.js',
    '/usr/src/app/dist/app.js'
  ]
}

Node.js v18.19.0
node:internal/modules/cjs/loader:1137
  throw err;
  ^

Error: Cannot find module 'xml2js'
Require stack:
- /usr/src/app/dist/controllers/StripeProductController.js
- /usr/src/app/dist/routes/paymentsRoute.js
- /usr/src/app/dist/models/server.js
- /usr/src/app/dist/app.js
    at Module._resolveFilename (node:internal/modules/cjs/loader:1134:15)
    at Module._load (node:internal/modules/cjs/loader:975:27)
    at Module.require (node:internal/modules/cjs/loader:1225:19)
    at require (node:internal/modules/helpers:177:18)
    at Object.<anonymous> (/usr/src/app/dist/controllers/StripeProductController.js:41:18)
    at Module._compile (node:internal/modules/cjs/loader:1356:14)
    at Module._extensions..js (node:internal/modules/cjs/loader:1414:10)
    at Module.load (node:internal/modules/cjs/loader:1197:32)
    at Module._load (node:internal/modules/cjs/loader:1013:12)
    at Module.require (node:internal/modules/cjs/loader:1225:19) {
  code: 'MODULE_NOT_FOUND',
  requireStack: [
    '/usr/src/app/dist/controllers/StripeProductController.js',
    '/usr/src/app/dist/routes/paymentsRoute.js',
    '/usr/src/app/dist/models/server.js',
    '/usr/src/app/dist/app.js'
  ]
}

Node.js v18.19.0
node:internal/modules/cjs/loader:1137
  throw err;
  ^

Error: Cannot find module 'xml2js'
Require stack:
- /usr/src/app/dist/controllers/StripeProductController.js
- /usr/src/app/dist/routes/paymentsRoute.js
- /usr/src/app/dist/models/server.js
- /usr/src/app/dist/app.js
    at Module._resolveFilename (node:internal/modules/cjs/loader:1134:15)
    at Module._load (node:internal/modules/cjs/loader:975:27)
    at Module.require (node:internal/modules/cjs/loader:1225:19)
    at require (node:internal/modules/helpers:177:18)
    at Object.<anonymous> (/usr/src/app/dist/controllers/StripeProductController.js:41:18)
    at Module._compile (node:internal/modules/cjs/loader:1356:14)
    at Module._extensions..js (node:internal/modules/cjs/loader:1414:10)
    at Module.load (node:internal/modules/cjs/loader:1197:32)
    at Module._load (node:internal/modules/cjs/loader:1013:12)
    at Module.require (node:internal/modules/cjs/loader:1225:19) {
  code: 'MODULE_NOT_FOUND',
  requireStack: [
    '/usr/src/app/dist/controllers/StripeProductController.js',
    '/usr/src/app/dist/routes/paymentsRoute.js',
    '/usr/src/app/dist/models/server.js',
    '/usr/src/app/dist/app.js'
  ]
}

Node.js v18.19.0
/usr/src/app/dist/controllers/StripeProductController.js:276
                        (0, xml2js_1.parseString)(data, (err) => , ());
                                                                 ^

SyntaxError: Unexpected token ','
    at internalCompileFunction (node:internal/vm:73:18)
    at wrapSafe (node:internal/modules/cjs/loader:1274:20)
    at Module._compile (node:internal/modules/cjs/loader:1320:27)
    at Module._extensions..js (node:internal/modules/cjs/loader:1414:10)
    at Module.load (node:internal/modules/cjs/loader:1197:32)
    at Module._load (node:internal/modules/cjs/loader:1013:12)
    at Module.require (node:internal/modules/cjs/loader:1225:19)
    at require (node:internal/modules/helpers:177:18)
    at Object.<anonymous> (/usr/src/app/dist/routes/paymentsRoute.js:11:35)
    at Module._compile (node:internal/modules/cjs/loader:1356:14)

Node.js v18.19.0
node:internal/modules/cjs/loader:1137
  throw err;
  ^

Error: Cannot find module 'xml2js'
Require stack:
- /usr/src/app/dist/controllers/StripeProductController.js
- /usr/src/app/dist/routes/paymentsRoute.js
- /usr/src/app/dist/models/server.js
- /usr/src/app/dist/app.js
    at Module._resolveFilename (node:internal/modules/cjs/loader:1134:15)
    at Module._load (node:internal/modules/cjs/loader:975:27)
    at Module.require (node:internal/modules/cjs/loader:1225:19)
    at require (node:internal/modules/helpers:177:18)
    at Object.<anonymous> (/usr/src/app/dist/controllers/StripeProductController.js:41:18)
    at Module._compile (node:internal/modules/cjs/loader:1356:14)
    at Module._extensions..js (node:internal/modules/cjs/loader:1414:10)
    at Module.load (node:internal/modules/cjs/loader:1197:32)
    at Module._load (node:internal/modules/cjs/loader:1013:12)
    at Module.require (node:internal/modules/cjs/loader:1225:19) {
  code: 'MODULE_NOT_FOUND',
  requireStack: [
    '/usr/src/app/dist/controllers/StripeProductController.js',
    '/usr/src/app/dist/routes/paymentsRoute.js',
    '/usr/src/app/dist/models/server.js',
    '/usr/src/app/dist/app.js'
  ]
}

Node.js v18.19.0
node:internal/modules/cjs/loader:1137
  throw err;
  ^

Error: Cannot find module 'xml2js'
Require stack:
- /usr/src/app/dist/controllers/StripeProductController.js
- /usr/src/app/dist/routes/paymentsRoute.js
- /usr/src/app/dist/models/server.js
- /usr/src/app/dist/app.js
    at Module._resolveFilename (node:internal/modules/cjs/loader:1134:15)
    at Module._load (node:internal/modules/cjs/loader:975:27)
    at Module.require (node:internal/modules/cjs/loader:1225:19)
    at require (node:internal/modules/helpers:177:18)
    at Object.<anonymous> (/usr/src/app/dist/controllers/StripeProductController.js:41:18)
    at Module._compile (node:internal/modules/cjs/loader:1356:14)
    at Module._extensions..js (node:internal/modules/cjs/loader:1414:10)
    at Module.load (node:internal/modules/cjs/loader:1197:32)
    at Module._load (node:internal/modules/cjs/loader:1013:12)
    at Module.require (node:internal/modules/cjs/loader:1225:19) {
  code: 'MODULE_NOT_FOUND',
  requireStack: [
    '/usr/src/app/dist/controllers/StripeProductController.js',
    '/usr/src/app/dist/routes/paymentsRoute.js',
    '/usr/src/app/dist/models/server.js',
    '/usr/src/app/dist/app.js'
  ]
}

Node.js v18.19.0
node:internal/modules/cjs/loader:1137
  throw err;
  ^

Error: Cannot find module 'xml2js'
Require stack:
- /usr/src/app/dist/controllers/StripeProductController.js
- /usr/src/app/dist/routes/paymentsRoute.js
- /usr/src/app/dist/models/server.js
- /usr/src/app/dist/app.js
    at Module._resolveFilename (node:internal/modules/cjs/loader:1134:15)
    at Module._load (node:internal/modules/cjs/loader:975:27)
    at Module.require (node:internal/modules/cjs/loader:1225:19)
    at require (node:internal/modules/helpers:177:18)
    at Object.<anonymous> (/usr/src/app/dist/controllers/StripeProductController.js:41:18)
    at Module._compile (node:internal/modules/cjs/loader:1356:14)
    at Module._extensions..js (node:internal/modules/cjs/loader:1414:10)
    at Module.load (node:internal/modules/cjs/loader:1197:32)
    at Module._load (node:internal/modules/cjs/loader:1013:12)
    at Module.require (node:internal/modules/cjs/loader:1225:19) {
  code: 'MODULE_NOT_FOUND',
  requireStack: [
    '/usr/src/app/dist/controllers/StripeProductController.js',
    '/usr/src/app/dist/routes/paymentsRoute.js',
    '/usr/src/app/dist/models/server.js',
    '/usr/src/app/dist/app.js'
  ]
}

Node.js v18.19.0
node:internal/modules/cjs/loader:1137
  throw err;
  ^

Error: Cannot find module 'xml2js'
Require stack:
- /usr/src/app/dist/controllers/StripeProductController.js
- /usr/src/app/dist/routes/paymentsRoute.js
- /usr/src/app/dist/models/server.js
- /usr/src/app/dist/app.js
    at Module._resolveFilename (node:internal/modules/cjs/loader:1134:15)
    at Module._load (node:internal/modules/cjs/loader:975:27)
    at Module.require (node:internal/modules/cjs/loader:1225:19)
    at require (node:internal/modules/helpers:177:18)
    at Object.<anonymous> (/usr/src/app/dist/controllers/StripeProductController.js:41:18)
    at Module._compile (node:internal/modules/cjs/loader:1356:14)
    at Module._extensions..js (node:internal/modules/cjs/loader:1414:10)
    at Module.load (node:internal/modules/cjs/loader:1197:32)
    at Module._load (node:internal/modules/cjs/loader:1013:12)
    at Module.require (node:internal/modules/cjs/loader:1225:19) {
  code: 'MODULE_NOT_FOUND',
  requireStack: [
    '/usr/src/app/dist/controllers/StripeProductController.js',
    '/usr/src/app/dist/routes/paymentsRoute.js',
    '/usr/src/app/dist/models/server.js',
    '/usr/src/app/dist/app.js'
  ]
}

Node.js v18.19.0
/usr/src/app/dist/controllers/StripeProductController.js:208
        const ssl_merchant_id = req.ssl_mer ? chant_id : ;
                                                         ^

SyntaxError: Unexpected token ';'
    at internalCompileFunction (node:internal/vm:73:18)
    at wrapSafe (node:internal/modules/cjs/loader:1274:20)
    at Module._compile (node:internal/modules/cjs/loader:1320:27)
    at Module._extensions..js (node:internal/modules/cjs/loader:1414:10)
    at Module.load (node:internal/modules/cjs/loader:1197:32)
    at Module._load (node:internal/modules/cjs/loader:1013:12)
    at Module.require (node:internal/modules/cjs/loader:1225:19)
    at require (node:internal/modules/helpers:177:18)
    at Object.<anonymous> (/usr/src/app/dist/routes/paymentsRoute.js:11:35)
    at Module._compile (node:internal/modules/cjs/loader:1356:14)

Node.js v18.19.0
/usr/src/app/node_modules/express/lib/router/route.js:211
        throw new Error(msg);
        ^

Error: Route.get() requires a callback function but got a [object Undefined]
    at Route.<computed> [as get] (/usr/src/app/node_modules/express/lib/router/route.js:211:15)
    at proto.<computed> [as get] (/usr/src/app/node_modules/express/lib/router/index.js:521:19)
    at Object.<anonymous> (/usr/src/app/dist/routes/paymentsRoute.js:39:8)
    at Module._compile (node:internal/modules/cjs/loader:1356:14)
    at Module._extensions..js (node:internal/modules/cjs/loader:1414:10)
    at Module.load (node:internal/modules/cjs/loader:1197:32)
    at Module._load (node:internal/modules/cjs/loader:1013:12)
    at Module.require (node:internal/modules/cjs/loader:1225:19)
    at require (node:internal/modules/helpers:177:18)
    at Object.<anonymous> (/usr/src/app/dist/models/server.js:19:41)

Node.js v18.19.0
/usr/src/app/dist/routes/paymentsRoute.js:46
], newConvergePayment);
   ^

ReferenceError: newConvergePayment is not defined
    at Object.<anonymous> (/usr/src/app/dist/routes/paymentsRoute.js:46:4)
    at Module._compile (node:internal/modules/cjs/loader:1356:14)
    at Module._extensions..js (node:internal/modules/cjs/loader:1414:10)
    at Module.load (node:internal/modules/cjs/loader:1197:32)
    at Module._load (node:internal/modules/cjs/loader:1013:12)
    at Module.require (node:internal/modules/cjs/loader:1225:19)
    at require (node:internal/modules/helpers:177:18)
    at Object.<anonymous> (/usr/src/app/dist/models/server.js:19:41)
    at Module._compile (node:internal/modules/cjs/loader:1356:14)
    at Module._extensions..js (node:internal/modules/cjs/loader:1414:10)

Node.js v18.19.0
/usr/src/app/dist/routes/paymentsRoute.js:46
], newConvergePayment);
   ^

ReferenceError: newConvergePayment is not defined
    at Object.<anonymous> (/usr/src/app/dist/routes/paymentsRoute.js:46:4)
    at Module._compile (node:internal/modules/cjs/loader:1356:14)
    at Module._extensions..js (node:internal/modules/cjs/loader:1414:10)
    at Module.load (node:internal/modules/cjs/loader:1197:32)
    at Module._load (node:internal/modules/cjs/loader:1013:12)
    at Module.require (node:internal/modules/cjs/loader:1225:19)
    at require (node:internal/modules/helpers:177:18)
    at Object.<anonymous> (/usr/src/app/dist/models/server.js:19:41)
    at Module._compile (node:internal/modules/cjs/loader:1356:14)
    at Module._extensions..js (node:internal/modules/cjs/loader:1414:10)

Node.js v18.19.0
/usr/src/app/dist/routes/paymentsRoute.js:46
], newConvergePayment);
   ^

ReferenceError: newConvergePayment is not defined
    at Object.<anonymous> (/usr/src/app/dist/routes/paymentsRoute.js:46:4)
    at Module._compile (node:internal/modules/cjs/loader:1356:14)
    at Module._extensions..js (node:internal/modules/cjs/loader:1414:10)
    at Module.load (node:internal/modules/cjs/loader:1197:32)
    at Module._load (node:internal/modules/cjs/loader:1013:12)
    at Module.require (node:internal/modules/cjs/loader:1225:19)
    at require (node:internal/modules/helpers:177:18)
    at Object.<anonymous> (/usr/src/app/dist/models/server.js:19:41)
    at Module._compile (node:internal/modules/cjs/loader:1356:14)
    at Module._extensions..js (node:internal/modules/cjs/loader:1414:10)

Node.js v18.19.0
/usr/src/app/dist/controllers/StripeProductController.js:304
        console.log({ newConvergePayment: exports.newConvergePayment, : .error });
                                                                      ^

SyntaxError: Unexpected token ':'
    at internalCompileFunction (node:internal/vm:73:18)
    at wrapSafe (node:internal/modules/cjs/loader:1274:20)
    at Module._compile (node:internal/modules/cjs/loader:1320:27)
    at Module._extensions..js (node:internal/modules/cjs/loader:1414:10)
    at Module.load (node:internal/modules/cjs/loader:1197:32)
    at Module._load (node:internal/modules/cjs/loader:1013:12)
    at Module.require (node:internal/modules/cjs/loader:1225:19)
    at require (node:internal/modules/helpers:177:18)
    at Object.<anonymous> (/usr/src/app/dist/routes/paymentsRoute.js:11:35)
    at Module._compile (node:internal/modules/cjs/loader:1356:14)

Node.js v18.19.0
/usr/src/app/dist/controllers/StripeProductController.js:211
        const currency;
              ^^^^^^^^

SyntaxError: Missing initializer in const declaration
    at internalCompileFunction (node:internal/vm:73:18)
    at wrapSafe (node:internal/modules/cjs/loader:1274:20)
    at Module._compile (node:internal/modules/cjs/loader:1320:27)
    at Module._extensions..js (node:internal/modules/cjs/loader:1414:10)
    at Module.load (node:internal/modules/cjs/loader:1197:32)
    at Module._load (node:internal/modules/cjs/loader:1013:12)
    at Module.require (node:internal/modules/cjs/loader:1225:19)
    at require (node:internal/modules/helpers:177:18)
    at Object.<anonymous> (/usr/src/app/dist/routes/paymentsRoute.js:11:35)
    at Module._compile (node:internal/modules/cjs/loader:1356:14)

Node.js v18.19.0
Error [ERR_HTTP_HEADERS_SENT]: Cannot set headers after they are sent to the client
    at new NodeError (node:internal/errors:405:5)
    at ServerResponse.setHeader (node:_http_outgoing:648:11)
    at ServerResponse.header (/usr/src/app/node_modules/express/lib/response.js:794:10)
    at ServerResponse.send (/usr/src/app/node_modules/express/lib/response.js:174:12)
    at ServerResponse.json (/usr/src/app/node_modules/express/lib/response.js:278:15)
    at newConvergePayment (/usr/src/app/dist/controllers/StripeProductController.js:316:25)
    at Layer.handle [as handle_request] (/usr/src/app/node_modules/express/lib/router/layer.js:95:5)
    at next (/usr/src/app/node_modules/express/lib/router/route.js:144:13)
    at Route.dispatch (/usr/src/app/node_modules/express/lib/router/route.js:114:3)
    at Layer.handle [as handle_request] (/usr/src/app/node_modules/express/lib/router/layer.js:95:5)
Error [ERR_HTTP_HEADERS_SENT]: Cannot set headers after they are sent to the client
    at new NodeError (node:internal/errors:405:5)
    at ServerResponse.setHeader (node:_http_outgoing:648:11)
    at ServerResponse.header (/usr/src/app/node_modules/express/lib/response.js:794:10)
    at ServerResponse.send (/usr/src/app/node_modules/express/lib/response.js:174:12)
    at ServerResponse.json (/usr/src/app/node_modules/express/lib/response.js:278:15)
    at newConvergePayment (/usr/src/app/dist/controllers/StripeProductController.js:316:25)
    at Layer.handle [as handle_request] (/usr/src/app/node_modules/express/lib/router/layer.js:95:5)
    at next (/usr/src/app/node_modules/express/lib/router/route.js:144:13)
    at Route.dispatch (/usr/src/app/node_modules/express/lib/router/route.js:114:3)
    at Layer.handle [as handle_request] (/usr/src/app/node_modules/express/lib/router/layer.js:95:5)
Error [ERR_HTTP_HEADERS_SENT]: Cannot set headers after they are sent to the client
    at new NodeError (node:internal/errors:405:5)
    at ServerResponse.setHeader (node:_http_outgoing:648:11)
    at ServerResponse.header (/usr/src/app/node_modules/express/lib/response.js:794:10)
    at ServerResponse.send (/usr/src/app/node_modules/express/lib/response.js:174:12)
    at ServerResponse.json (/usr/src/app/node_modules/express/lib/response.js:278:15)
    at newConvergePayment (/usr/src/app/dist/controllers/StripeProductController.js:317:25)
    at Layer.handle [as handle_request] (/usr/src/app/node_modules/express/lib/router/layer.js:95:5)
    at next (/usr/src/app/node_modules/express/lib/router/route.js:144:13)
    at Route.dispatch (/usr/src/app/node_modules/express/lib/router/route.js:114:3)
    at Layer.handle [as handle_request] (/usr/src/app/node_modules/express/lib/router/layer.js:95:5)
Error [ERR_HTTP_HEADERS_SENT]: Cannot set headers after they are sent to the client
    at new NodeError (node:internal/errors:405:5)
    at ServerResponse.setHeader (node:_http_outgoing:648:11)
    at ServerResponse.header (/usr/src/app/node_modules/express/lib/response.js:794:10)
    at ServerResponse.send (/usr/src/app/node_modules/express/lib/response.js:174:12)
    at ServerResponse.json (/usr/src/app/node_modules/express/lib/response.js:278:15)
    at newConvergePayment (/usr/src/app/dist/controllers/StripeProductController.js:317:25)
    at Layer.handle [as handle_request] (/usr/src/app/node_modules/express/lib/router/layer.js:95:5)
    at next (/usr/src/app/node_modules/express/lib/router/route.js:144:13)
    at Route.dispatch (/usr/src/app/node_modules/express/lib/router/route.js:114:3)
    at Layer.handle [as handle_request] (/usr/src/app/node_modules/express/lib/router/layer.js:95:5)
Error [ERR_HTTP_HEADERS_SENT]: Cannot set headers after they are sent to the client
    at new NodeError (node:internal/errors:405:5)
    at ServerResponse.setHeader (node:_http_outgoing:648:11)
    at ServerResponse.header (/usr/src/app/node_modules/express/lib/response.js:794:10)
    at ServerResponse.send (/usr/src/app/node_modules/express/lib/response.js:174:12)
    at ServerResponse.json (/usr/src/app/node_modules/express/lib/response.js:278:15)
    at newConvergePayment (/usr/src/app/dist/controllers/StripeProductController.js:317:25)
    at Layer.handle [as handle_request] (/usr/src/app/node_modules/express/lib/router/layer.js:95:5)
    at next (/usr/src/app/node_modules/express/lib/router/route.js:144:13)
    at Route.dispatch (/usr/src/app/node_modules/express/lib/router/route.js:114:3)
    at Layer.handle [as handle_request] (/usr/src/app/node_modules/express/lib/router/layer.js:95:5)
Error [ERR_HTTP_HEADERS_SENT]: Cannot set headers after they are sent to the client
    at new NodeError (node:internal/errors:405:5)
    at ServerResponse.setHeader (node:_http_outgoing:648:11)
    at ServerResponse.header (/usr/src/app/node_modules/express/lib/response.js:794:10)
    at ServerResponse.send (/usr/src/app/node_modules/express/lib/response.js:174:12)
    at ServerResponse.json (/usr/src/app/node_modules/express/lib/response.js:278:15)
    at newConvergePayment (/usr/src/app/dist/controllers/StripeProductController.js:317:25)
    at Layer.handle [as handle_request] (/usr/src/app/node_modules/express/lib/router/layer.js:95:5)
    at next (/usr/src/app/node_modules/express/lib/router/route.js:144:13)
    at Route.dispatch (/usr/src/app/node_modules/express/lib/router/route.js:114:3)
    at Layer.handle [as handle_request] (/usr/src/app/node_modules/express/lib/router/layer.js:95:5)
Error [ERR_HTTP_HEADERS_SENT]: Cannot set headers after they are sent to the client
    at new NodeError (node:internal/errors:405:5)
    at ServerResponse.setHeader (node:_http_outgoing:648:11)
    at ServerResponse.header (/usr/src/app/node_modules/express/lib/response.js:794:10)
    at ServerResponse.send (/usr/src/app/node_modules/express/lib/response.js:174:12)
    at ServerResponse.json (/usr/src/app/node_modules/express/lib/response.js:278:15)
    at newConvergePayment (/usr/src/app/dist/controllers/StripeProductController.js:317:25)
    at Layer.handle [as handle_request] (/usr/src/app/node_modules/express/lib/router/layer.js:95:5)
    at next (/usr/src/app/node_modules/express/lib/router/route.js:144:13)
    at Route.dispatch (/usr/src/app/node_modules/express/lib/router/route.js:114:3)
    at Layer.handle [as handle_request] (/usr/src/app/node_modules/express/lib/router/layer.js:95:5)
/usr/src/app/dist/controllers/StripeProductController.js:249
        const postCurlRequest;
              ^^^^^^^^^^^^^^^

SyntaxError: Missing initializer in const declaration
    at internalCompileFunction (node:internal/vm:73:18)
    at wrapSafe (node:internal/modules/cjs/loader:1274:20)
    at Module._compile (node:internal/modules/cjs/loader:1320:27)
    at Module._extensions..js (node:internal/modules/cjs/loader:1414:10)
    at Module.load (node:internal/modules/cjs/loader:1197:32)
    at Module._load (node:internal/modules/cjs/loader:1013:12)
    at Module.require (node:internal/modules/cjs/loader:1225:19)
    at require (node:internal/modules/helpers:177:18)
    at Object.<anonymous> (/usr/src/app/dist/routes/paymentsRoute.js:11:35)
    at Module._compile (node:internal/modules/cjs/loader:1356:14)

Node.js v18.19.0
/usr/src/app/dist/controllers/StripeProductController.js:249
        const postCurlRequest;
              ^^^^^^^^^^^^^^^

SyntaxError: Missing initializer in const declaration
    at internalCompileFunction (node:internal/vm:73:18)
    at wrapSafe (node:internal/modules/cjs/loader:1274:20)
    at Module._compile (node:internal/modules/cjs/loader:1320:27)
    at Module._extensions..js (node:internal/modules/cjs/loader:1414:10)
    at Module.load (node:internal/modules/cjs/loader:1197:32)
    at Module._load (node:internal/modules/cjs/loader:1013:12)
    at Module.require (node:internal/modules/cjs/loader:1225:19)
    at require (node:internal/modules/helpers:177:18)
    at Object.<anonymous> (/usr/src/app/dist/routes/paymentsRoute.js:11:35)
    at Module._compile (node:internal/modules/cjs/loader:1356:14)

Node.js v18.19.0
/usr/src/app/dist/controllers/StripeProductController.js:249
        const postCurlRequest;
              ^^^^^^^^^^^^^^^

SyntaxError: Missing initializer in const declaration
    at internalCompileFunction (node:internal/vm:73:18)
    at wrapSafe (node:internal/modules/cjs/loader:1274:20)
    at Module._compile (node:internal/modules/cjs/loader:1320:27)
    at Module._extensions..js (node:internal/modules/cjs/loader:1414:10)
    at Module.load (node:internal/modules/cjs/loader:1197:32)
    at Module._load (node:internal/modules/cjs/loader:1013:12)
    at Module.require (node:internal/modules/cjs/loader:1225:19)
    at require (node:internal/modules/helpers:177:18)
    at Object.<anonymous> (/usr/src/app/dist/routes/paymentsRoute.js:11:35)
    at Module._compile (node:internal/modules/cjs/loader:1356:14)

Node.js v18.19.0
/usr/src/app/dist/controllers/StripeProductController.js:249
        const postCurlRequest;
              ^^^^^^^^^^^^^^^

SyntaxError: Missing initializer in const declaration
    at internalCompileFunction (node:internal/vm:73:18)
    at wrapSafe (node:internal/modules/cjs/loader:1274:20)
    at Module._compile (node:internal/modules/cjs/loader:1320:27)
    at Module._extensions..js (node:internal/modules/cjs/loader:1414:10)
    at Module.load (node:internal/modules/cjs/loader:1197:32)
    at Module._load (node:internal/modules/cjs/loader:1013:12)
    at Module.require (node:internal/modules/cjs/loader:1225:19)
    at require (node:internal/modules/helpers:177:18)
    at Object.<anonymous> (/usr/src/app/dist/routes/paymentsRoute.js:11:35)
    at Module._compile (node:internal/modules/cjs/loader:1356:14)

Node.js v18.19.0
/usr/src/app/dist/controllers/StripeProductController.js:274
        postCurlRequest( * );
                         ^

SyntaxError: Unexpected token '*'
    at internalCompileFunction (node:internal/vm:73:18)
    at wrapSafe (node:internal/modules/cjs/loader:1274:20)
    at Module._compile (node:internal/modules/cjs/loader:1320:27)
    at Module._extensions..js (node:internal/modules/cjs/loader:1414:10)
    at Module.load (node:internal/modules/cjs/loader:1197:32)
    at Module._load (node:internal/modules/cjs/loader:1013:12)
    at Module.require (node:internal/modules/cjs/loader:1225:19)
    at require (node:internal/modules/helpers:177:18)
    at Object.<anonymous> (/usr/src/app/dist/routes/paymentsRoute.js:11:35)
    at Module._compile (node:internal/modules/cjs/loader:1356:14)

Node.js v18.19.0
/usr/src/app/dist/controllers/StripeProductController.js:360
sendPostRequest(xmlData);
^

ReferenceError: sendPostRequest is not defined
    at Object.<anonymous> (/usr/src/app/dist/controllers/StripeProductController.js:360:1)
    at Module._compile (node:internal/modules/cjs/loader:1356:14)
    at Module._extensions..js (node:internal/modules/cjs/loader:1414:10)
    at Module.load (node:internal/modules/cjs/loader:1197:32)
    at Module._load (node:internal/modules/cjs/loader:1013:12)
    at Module.require (node:internal/modules/cjs/loader:1225:19)
    at require (node:internal/modules/helpers:177:18)
    at Object.<anonymous> (/usr/src/app/dist/routes/paymentsRoute.js:11:35)
    at Module._compile (node:internal/modules/cjs/loader:1356:14)
    at Module._extensions..js (node:internal/modules/cjs/loader:1414:10)

Node.js v18.19.0
/usr/src/app/dist/controllers/StripeProductController.js:361
sendPostRequest = (xmlData) => {
                ^

ReferenceError: sendPostRequest is not defined
    at Object.<anonymous> (/usr/src/app/dist/controllers/StripeProductController.js:361:17)
    at Module._compile (node:internal/modules/cjs/loader:1356:14)
    at Module._extensions..js (node:internal/modules/cjs/loader:1414:10)
    at Module.load (node:internal/modules/cjs/loader:1197:32)
    at Module._load (node:internal/modules/cjs/loader:1013:12)
    at Module.require (node:internal/modules/cjs/loader:1225:19)
    at require (node:internal/modules/helpers:177:18)
    at Object.<anonymous> (/usr/src/app/dist/routes/paymentsRoute.js:11:35)
    at Module._compile (node:internal/modules/cjs/loader:1356:14)
    at Module._extensions..js (node:internal/modules/cjs/loader:1414:10)

Node.js v18.19.0
/usr/src/app/dist/controllers/StripeProductController.js:391
const xmlData = '<txn><ssl_merchant_id>' + ssl_merchant_id + '</ssl_merchant_id>...<txn>'; // Construye tu XML aqu
                                           ^

ReferenceError: ssl_merchant_id is not defined
    at Object.<anonymous> (/usr/src/app/dist/controllers/StripeProductController.js:391:44)
    at Module._compile (node:internal/modules/cjs/loader:1356:14)
    at Module._extensions..js (node:internal/modules/cjs/loader:1414:10)
    at Module.load (node:internal/modules/cjs/loader:1197:32)
    at Module._load (node:internal/modules/cjs/loader:1013:12)
    at Module.require (node:internal/modules/cjs/loader:1225:19)
    at require (node:internal/modules/helpers:177:18)
    at Object.<anonymous> (/usr/src/app/dist/routes/paymentsRoute.js:11:35)
    at Module._compile (node:internal/modules/cjs/loader:1356:14)
    at Module._extensions..js (node:internal/modules/cjs/loader:1414:10)

Node.js v18.19.0
/usr/src/app/dist/controllers/StripeProductController.js:390
const xmlData = '<txn><ssl_merchant_id>' + ssl_merchant_id + '</ssl_merchant_id>...<txn>'; // Construye tu XML aqu
                                           ^

ReferenceError: ssl_merchant_id is not defined
    at Object.<anonymous> (/usr/src/app/dist/controllers/StripeProductController.js:390:44)
    at Module._compile (node:internal/modules/cjs/loader:1356:14)
    at Module._extensions..js (node:internal/modules/cjs/loader:1414:10)
    at Module.load (node:internal/modules/cjs/loader:1197:32)
    at Module._load (node:internal/modules/cjs/loader:1013:12)
    at Module.require (node:internal/modules/cjs/loader:1225:19)
    at require (node:internal/modules/helpers:177:18)
    at Object.<anonymous> (/usr/src/app/dist/routes/paymentsRoute.js:11:35)
    at Module._compile (node:internal/modules/cjs/loader:1356:14)
    at Module._extensions..js (node:internal/modules/cjs/loader:1414:10)

Node.js v18.19.0
/usr/src/app/dist/controllers/StripeProductController.js:390
const xmlData = '<txn><ssl_merchant_id>' + ssl_merchant_id + '</ssl_merchant_id>...<txn>'; // Construye tu XML aqu
                                           ^

ReferenceError: ssl_merchant_id is not defined
    at Object.<anonymous> (/usr/src/app/dist/controllers/StripeProductController.js:390:44)
    at Module._compile (node:internal/modules/cjs/loader:1356:14)
    at Module._extensions..js (node:internal/modules/cjs/loader:1414:10)
    at Module.load (node:internal/modules/cjs/loader:1197:32)
    at Module._load (node:internal/modules/cjs/loader:1013:12)
    at Module.require (node:internal/modules/cjs/loader:1225:19)
    at require (node:internal/modules/helpers:177:18)
    at Object.<anonymous> (/usr/src/app/dist/routes/paymentsRoute.js:11:35)
    at Module._compile (node:internal/modules/cjs/loader:1356:14)
    at Module._extensions..js (node:internal/modules/cjs/loader:1414:10)

Node.js v18.19.0
/usr/src/app/dist/controllers/StripeProductController.js:390
const xmlData = '<txn><ssl_merchant_id>' + ssl_merchant_id + '</ssl_merchant_id>...<txn>'; // Construye tu XML aqu
                                           ^

ReferenceError: ssl_merchant_id is not defined
    at Object.<anonymous> (/usr/src/app/dist/controllers/StripeProductController.js:390:44)
    at Module._compile (node:internal/modules/cjs/loader:1356:14)
    at Module._extensions..js (node:internal/modules/cjs/loader:1414:10)
    at Module.load (node:internal/modules/cjs/loader:1197:32)
    at Module._load (node:internal/modules/cjs/loader:1013:12)
    at Module.require (node:internal/modules/cjs/loader:1225:19)
    at require (node:internal/modules/helpers:177:18)
    at Object.<anonymous> (/usr/src/app/dist/routes/paymentsRoute.js:11:35)
    at Module._compile (node:internal/modules/cjs/loader:1356:14)
    at Module._extensions..js (node:internal/modules/cjs/loader:1414:10)

Node.js v18.19.0
/usr/src/app/dist/controllers/StripeProductController.js:391
sendPostRequest(xmlData)
                ^

ReferenceError: xmlData is not defined
    at Object.<anonymous> (/usr/src/app/dist/controllers/StripeProductController.js:391:17)
    at Module._compile (node:internal/modules/cjs/loader:1356:14)
    at Module._extensions..js (node:internal/modules/cjs/loader:1414:10)
    at Module.load (node:internal/modules/cjs/loader:1197:32)
    at Module._load (node:internal/modules/cjs/loader:1013:12)
    at Module.require (node:internal/modules/cjs/loader:1225:19)
    at require (node:internal/modules/helpers:177:18)
    at Object.<anonymous> (/usr/src/app/dist/routes/paymentsRoute.js:11:35)
    at Module._compile (node:internal/modules/cjs/loader:1356:14)
    at Module._extensions..js (node:internal/modules/cjs/loader:1414:10)

Node.js v18.19.0
Error [ERR_HTTP_HEADERS_SENT]: Cannot set headers after they are sent to the client
    at new NodeError (node:internal/errors:405:5)
    at ServerResponse.setHeader (node:_http_outgoing:648:11)
    at ServerResponse.header (/usr/src/app/node_modules/express/lib/response.js:794:10)
    at ServerResponse.send (/usr/src/app/node_modules/express/lib/response.js:174:12)
    at ServerResponse.json (/usr/src/app/node_modules/express/lib/response.js:278:15)
    at newConvergePayment (/usr/src/app/dist/controllers/StripeProductController.js:290:25)
    at Layer.handle [as handle_request] (/usr/src/app/node_modules/express/lib/router/layer.js:95:5)
    at next (/usr/src/app/node_modules/express/lib/router/route.js:144:13)
    at Route.dispatch (/usr/src/app/node_modules/express/lib/router/route.js:114:3)
    at Layer.handle [as handle_request] (/usr/src/app/node_modules/express/lib/router/layer.js:95:5)
Error [ERR_HTTP_HEADERS_SENT]: Cannot set headers after they are sent to the client
    at new NodeError (node:internal/errors:405:5)
    at ServerResponse.setHeader (node:_http_outgoing:648:11)
    at ServerResponse.header (/usr/src/app/node_modules/express/lib/response.js:794:10)
    at ServerResponse.send (/usr/src/app/node_modules/express/lib/response.js:174:12)
    at ServerResponse.json (/usr/src/app/node_modules/express/lib/response.js:278:15)
    at newConvergePayment (/usr/src/app/dist/controllers/StripeProductController.js:290:25)
    at Layer.handle [as handle_request] (/usr/src/app/node_modules/express/lib/router/layer.js:95:5)
    at next (/usr/src/app/node_modules/express/lib/router/route.js:144:13)
    at Route.dispatch (/usr/src/app/node_modules/express/lib/router/route.js:114:3)
    at Layer.handle [as handle_request] (/usr/src/app/node_modules/express/lib/router/layer.js:95:5)
Error [ERR_HTTP_HEADERS_SENT]: Cannot set headers after they are sent to the client
    at new NodeError (node:internal/errors:405:5)
    at ServerResponse.setHeader (node:_http_outgoing:648:11)
    at ServerResponse.header (/usr/src/app/node_modules/express/lib/response.js:794:10)
    at ServerResponse.send (/usr/src/app/node_modules/express/lib/response.js:174:12)
    at ServerResponse.json (/usr/src/app/node_modules/express/lib/response.js:278:15)
    at newConvergePayment (/usr/src/app/dist/controllers/StripeProductController.js:290:25)
    at Layer.handle [as handle_request] (/usr/src/app/node_modules/express/lib/router/layer.js:95:5)
    at next (/usr/src/app/node_modules/express/lib/router/route.js:144:13)
    at Route.dispatch (/usr/src/app/node_modules/express/lib/router/route.js:114:3)
    at Layer.handle [as handle_request] (/usr/src/app/node_modules/express/lib/router/layer.js:95:5)
/usr/src/app/dist/controllers/StripeProductController.js:276
        const result = yield sendPostRequest(xmlData)
                       ^^^^^

SyntaxError: Unexpected strict mode reserved word
    at internalCompileFunction (node:internal/vm:73:18)
    at wrapSafe (node:internal/modules/cjs/loader:1274:20)
    at Module._compile (node:internal/modules/cjs/loader:1320:27)
    at Module._extensions..js (node:internal/modules/cjs/loader:1414:10)
    at Module.load (node:internal/modules/cjs/loader:1197:32)
    at Module._load (node:internal/modules/cjs/loader:1013:12)
    at Module.require (node:internal/modules/cjs/loader:1225:19)
    at require (node:internal/modules/helpers:177:18)
    at Object.<anonymous> (/usr/src/app/dist/routes/paymentsRoute.js:11:35)
    at Module._compile (node:internal/modules/cjs/loader:1356:14)

Node.js v18.19.0
/usr/src/app/dist/controllers/StripeProductController.js:276
        const result = yield sendPostRequest(xmlData)
                       ^^^^^

SyntaxError: Unexpected strict mode reserved word
    at internalCompileFunction (node:internal/vm:73:18)
    at wrapSafe (node:internal/modules/cjs/loader:1274:20)
    at Module._compile (node:internal/modules/cjs/loader:1320:27)
    at Module._extensions..js (node:internal/modules/cjs/loader:1414:10)
    at Module.load (node:internal/modules/cjs/loader:1197:32)
    at Module._load (node:internal/modules/cjs/loader:1013:12)
    at Module.require (node:internal/modules/cjs/loader:1225:19)
    at require (node:internal/modules/helpers:177:18)
    at Object.<anonymous> (/usr/src/app/dist/routes/paymentsRoute.js:11:35)
    at Module._compile (node:internal/modules/cjs/loader:1356:14)

Node.js v18.19.0
