[33m[nodemon] 3.0.2[39m
[33m[nodemon] to restart at any time, enter `rs`[39m
[33m[nodemon] watching path(s): *.*[39m
[33m[nodemon] watching extensions: js,mjs,cjs,json[39m
[32m[nodemon] starting `node dist/app.js`[39m
{
  HOSTNAME: 'c3932e6a800f',
  PWD: '/usr/src/app',
  HOME: '/root',
  DB_HOST: 'mysql',
  SHLVL: '0',
  PATH: '/usr/local/sbin:/usr/local/bin:/usr/sbin:/usr/bin:/sbin:/bin',
  LC_CTYPE: 'C.UTF-8',
  SUPERVISOR_ENABLED: '1',
  SUPERVISOR_PROCESS_NAME: 'nodemon',
  SUPERVISOR_GROUP_NAME: 'nodemon'
}
{
  accessKey: '8XCSIKA2UUQ0QG75GPN1',
  secretKey: 'sGyCpLYBLnT805JPYZBukpfiKnbtyGuBqHrYmAMX',
  region: 'us-east-1'
}
Servidor corriendo en puerto 8000
Executing (default): SELECT 1+1 AS result
Database online
[32m[nodemon] restarting due to changes...[39m
[32m[nodemon] restarting due to changes...[39m
[32m[nodemon] starting `node dist/app.js`[39m
[32m[nodemon] restarting due to changes...[39m
[32m[nodemon] starting `node dist/app.js`[39m
[32m[nodemon] restarting due to changes...[39m
[32m[nodemon] restarting due to changes...[39m
[32m[nodemon] restarting due to changes...[39m
[32m[nodemon] restarting due to changes...[39m
[32m[nodemon] restarting due to changes...[39m
[32m[nodemon] restarting due to changes...[39m
[32m[nodemon] starting `node dist/app.js`[39m
[32m[nodemon] restarting due to changes...[39m
[32m[nodemon] restarting due to changes...[39m
[32m[nodemon] restarting due to changes...[39m
[32m[nodemon] restarting due to changes...[39m
[32m[nodemon] restarting due to changes...[39m
[32m[nodemon] restarting due to changes...[39m
[32m[nodemon] restarting due to changes...[39m
[32m[nodemon] starting `node dist/app.js`[39m
[32m[nodemon] restarting due to changes...[39m
[32m[nodemon] restarting due to changes...[39m
[32m[nodemon] restarting due to changes...[39m
[32m[nodemon] restarting due to changes...[39m
[32m[nodemon] starting `node dist/app.js`[39m
[32m[nodemon] restarting due to changes...[39m
[32m[nodemon] restarting due to changes...[39m
[32m[nodemon] restarting due to changes...[39m
[32m[nodemon] restarting due to changes...[39m
[32m[nodemon] restarting due to changes...[39m
[32m[nodemon] restarting due to changes...[39m
[32m[nodemon] restarting due to changes...[39m
[32m[nodemon] restarting due to changes...[39m
[32m[nodemon] restarting due to changes...[39m
[32m[nodemon] restarting due to changes...[39m
[32m[nodemon] restarting due to changes...[39m
[32m[nodemon] restarting due to changes...[39m
[32m[nodemon] restarting due to changes...[39m
[32m[nodemon] restarting due to changes...[39m
[32m[nodemon] restarting due to changes...[39m
[32m[nodemon] starting `node dist/app.js`[39m
[32m[nodemon] restarting due to changes...[39m
[32m[nodemon] restarting due to changes...[39m
[32m[nodemon] restarting due to changes...[39m
[32m[nodemon] restarting due to changes...[39m
[32m[nodemon] restarting due to changes...[39m
[32m[nodemon] restarting due to changes...[39m
[32m[nodemon] restarting due to changes...[39m
[32m[nodemon] restarting due to changes...[39m
[32m[nodemon] restarting due to changes...[39m
[32m[nodemon] restarting due to changes...[39m
[32m[nodemon] restarting due to changes...[39m
[32m[nodemon] restarting due to changes...[39m
[32m[nodemon] restarting due to changes...[39m
[32m[nodemon] restarting due to changes...[39m
[32m[nodemon] restarting due to changes...[39m
[32m[nodemon] restarting due to changes...[39m
[32m[nodemon] restarting due to changes...[39m
[32m[nodemon] restarting due to changes...[39m
[32m[nodemon] restarting due to changes...[39m
[32m[nodemon] restarting due to changes...[39m
[32m[nodemon] restarting due to changes...[39m
[32m[nodemon] restarting due to changes...[39m
[32m[nodemon] restarting due to changes...[39m
[32m[nodemon] restarting due to changes...[39m
[32m[nodemon] restarting due to changes...[39m
[32m[nodemon] restarting due to changes...[39m
[32m[nodemon] restarting due to changes...[39m
[32m[nodemon] restarting due to changes...[39m
[32m[nodemon] restarting due to changes...[39m
[32m[nodemon] restarting due to changes...[39m
[32m[nodemon] restarting due to changes...[39m
[32m[nodemon] restarting due to changes...[39m
[32m[nodemon] restarting due to changes...[39m
[32m[nodemon] restarting due to changes...[39m
[32m[nodemon] restarting due to changes...[39m
[32m[nodemon] restarting due to changes...[39m
[32m[nodemon] restarting due to changes...[39m
[32m[nodemon] starting `node dist/app.js`[39m
{
  HOSTNAME: 'c3932e6a800f',
  PWD: '/usr/src/app',
  HOME: '/root',
  DB_HOST: 'mysql',
  SHLVL: '0',
  PATH: '/usr/local/sbin:/usr/local/bin:/usr/sbin:/usr/bin:/sbin:/bin',
  LC_CTYPE: 'C.UTF-8',
  SUPERVISOR_ENABLED: '1',
  SUPERVISOR_PROCESS_NAME: 'nodemon',
  SUPERVISOR_GROUP_NAME: 'nodemon'
}
{
  accessKey: '8XCSIKA2UUQ0QG75GPN1',
  secretKey: 'sGyCpLYBLnT805JPYZBukpfiKnbtyGuBqHrYmAMX',
  region: 'us-east-1'
}
Servidor corriendo en puerto 8000
Executing (default): SELECT 1+1 AS result
Database online
Try to up a file
{
  error: TypeError [ERR_INVALID_URL]: Invalid URL
      at new NodeError (node:internal/errors:405:5)
      at new URL (node:internal/url:676:13)
      at parseUrl (/usr/src/app/node_modules/@smithy/url-parser/dist-cjs/index.js:7:38)
      at toEndpointV1 (/usr/src/app/node_modules/@smithy/middleware-endpoint/dist-cjs/adaptors/toEndpointV1.js:12:38)
      at customEndpointProvider (/usr/src/app/node_modules/@smithy/middleware-endpoint/dist-cjs/resolveEndpointConfig.js:10:99)
      at process.processTicksAndRejections (node:internal/process/task_queues:95:5) {
    input: 'sjc1.vultrobjects.com',
    code: 'ERR_INVALID_URL'
  }
}
[32m[nodemon] restarting due to changes...[39m
[32m[nodemon] restarting due to changes...[39m
[32m[nodemon] starting `node dist/app.js`[39m
[32m[nodemon] restarting due to changes...[39m
[32m[nodemon] restarting due to changes...[39m
[32m[nodemon] starting `node dist/app.js`[39m
{
  accessKey: '8XCSIKA2UUQ0QG75GPN1',
  secretKey: 'sGyCpLYBLnT805JPYZBukpfiKnbtyGuBqHrYmAMX',
  region: 'us-east-1'
}
Servidor corriendo en puerto 8000
Executing (default): SELECT 1+1 AS result
Database online
[32m[nodemon] restarting due to changes...[39m
[32m[nodemon] starting `node dist/app.js`[39m
{
  credentials: {
    accessKey: '8XCSIKA2UUQ0QG75GPN1',
    secretKey: 'sGyCpLYBLnT805JPYZBukpfiKnbtyGuBqHrYmAMX',
    region: 'us-east-1'
  }
}
Servidor corriendo en puerto 8000
Executing (default): SELECT 1+1 AS result
Database online
[32m[nodemon] restarting due to changes...[39m
[32m[nodemon] starting `node dist/app.js`[39m
{
  credentials: {
    accessKey: '8XCSIKA2UUQ0QG75GPN1',
    secretKey: 'sGyCpLYBLnT805JPYZBukpfiKnbtyGuBqHrYmAMX',
    region: 'us-east-1'
  }
}
Servidor corriendo en puerto 8000
Executing (default): SELECT 1+1 AS result
Database online
[32m[nodemon] restarting due to changes...[39m
[32m[nodemon] starting `node dist/app.js`[39m
{
  credentials: {
    accessKey: '8XCSIKA2UUQ0QG75GPN1',
    secretKey: 'sGyCpLYBLnT805JPYZBukpfiKnbtyGuBqHrYmAMX',
    region: 'us-east-1'
  }
}
Servidor corriendo en puerto 8000
Executing (default): SELECT 1+1 AS result
Database online
[32m[nodemon] restarting due to changes...[39m
[32m[nodemon] starting `node dist/app.js`[39m
{
  credentials: {
    accessKey: '8XCSIKA2UUQ0QG75GPN1',
    secretKey: 'sGyCpLYBLnT805JPYZBukpfiKnbtyGuBqHrYmAMX',
    region: 'us-east-1'
  }
}
Servidor corriendo en puerto 8000
Executing (default): SELECT 1+1 AS result
Database online
Try to up a file
{
  error: TypeError [ERR_INVALID_URL]: Invalid URL
      at new NodeError (node:internal/errors:405:5)
      at new URL (node:internal/url:676:13)
      at parseUrl (/usr/src/app/node_modules/@smithy/url-parser/dist-cjs/index.js:7:38)
      at toEndpointV1 (/usr/src/app/node_modules/@smithy/middleware-endpoint/dist-cjs/adaptors/toEndpointV1.js:12:38)
      at customEndpointProvider (/usr/src/app/node_modules/@smithy/middleware-endpoint/dist-cjs/resolveEndpointConfig.js:10:99)
      at process.processTicksAndRejections (node:internal/process/task_queues:95:5) {
    input: 'sjc1.vultrobjects.com',
    code: 'ERR_INVALID_URL'
  }
}
[32m[nodemon] restarting due to changes...[39m
[32m[nodemon] starting `node dist/app.js`[39m
[32m[nodemon] restarting due to changes...[39m
[32m[nodemon] starting `node dist/app.js`[39m
{
  credentials: {
    accessKey: '8XCSIKA2UUQ0QG75GPN1',
    secretKey: 'sGyCpLYBLnT805JPYZBukpfiKnbtyGuBqHrYmAMX',
    region: 'us-east-1'
  }
}
Servidor corriendo en puerto 8000
Executing (default): SELECT 1+1 AS result
Database online
[32m[nodemon] restarting due to changes...[39m
[32m[nodemon] starting `node dist/app.js`[39m
{
  credentials: {
    accessKey: '8XCSIKA2UUQ0QG75GPN1',
    secretKey: 'sGyCpLYBLnT805JPYZBukpfiKnbtyGuBqHrYmAMX',
    region: 'us-east-1'
  }
}
Servidor corriendo en puerto 8000
Executing (default): SELECT 1+1 AS result
Database online
Try to up a file
Objetos en el bucket: undefined
Try to up a file
Objetos en el bucket: undefined
[32m[nodemon] restarting due to changes...[39m
[32m[nodemon] starting `node dist/app.js`[39m
{
  credentials: {
    accessKey: '8XCSIKA2UUQ0QG75GPN1',
    secretKey: 'sGyCpLYBLnT805JPYZBukpfiKnbtyGuBqHrYmAMX',
    region: 'us-east-1'
  }
}
Servidor corriendo en puerto 8000
Executing (default): SELECT 1+1 AS result
Database online
Try to up a file
Objetos en el bucket: undefined
[32m[nodemon] restarting due to changes...[39m
[32m[nodemon] starting `node dist/app.js`[39m
{
  credentials: {
    accessKey: '8XCSIKA2UUQ0QG75GPN1',
    secretKey: 'sGyCpLYBLnT805JPYZBukpfiKnbtyGuBqHrYmAMX',
    region: 'us-east-1'
  }
}
Servidor corriendo en puerto 8000
Executing (default): SELECT 1+1 AS result
Database online
Try to up a file
Objetos en el bucket: undefined
[32m[nodemon] restarting due to changes...[39m
[32m[nodemon] starting `node dist/app.js`[39m
{
  credentials: {
    accessKey: '8XCSIKA2UUQ0QG75GPN1',
    secretKey: 'sGyCpLYBLnT805JPYZBukpfiKnbtyGuBqHrYmAMX',
    region: 'us-east-1'
  }
}
Servidor corriendo en puerto 8000
Executing (default): SELECT 1+1 AS result
Database online
[32m[nodemon] restarting due to changes...[39m
[32m[nodemon] starting `node dist/app.js`[39m
{
  credentials: {
    accessKey: '8XCSIKA2UUQ0QG75GPN1',
    secretKey: 'sGyCpLYBLnT805JPYZBukpfiKnbtyGuBqHrYmAMX',
    region: 'us-east-1'
  }
}
Servidor corriendo en puerto 8000
Executing (default): SELECT 1+1 AS result
Database online
Try to up a file
Objetos en el bucket: undefined
[32m[nodemon] restarting due to changes...[39m
[32m[nodemon] starting `node dist/app.js`[39m
{
  credentials: {
    accessKey: '8XCSIKA2UUQ0QG75GPN1',
    secretKey: 'sGyCpLYBLnT805JPYZBukpfiKnbtyGuBqHrYmAMX',
    region: 'us-east-1'
  }
}
Servidor corriendo en puerto 8000
Executing (default): SELECT 1+1 AS result
Database online
[32m[nodemon] restarting due to changes...[39m
[32m[nodemon] starting `node dist/app.js`[39m
{
  credentials: {
    accessKey: '8XCSIKA2UUQ0QG75GPN1',
    secretKey: 'sGyCpLYBLnT805JPYZBukpfiKnbtyGuBqHrYmAMX',
    region: 'us-east-1'
  }
}
Servidor corriendo en puerto 8000
Executing (default): SELECT 1+1 AS result
Database online
Try to up a file
Objetos en el bucket: undefined
[32m[nodemon] restarting due to changes...[39m
[32m[nodemon] starting `node dist/app.js`[39m
{
  credentials: {
    accessKey: '8XCSIKA2UUQ0QG75GPN1',
    secretKey: 'sGyCpLYBLnT805JPYZBukpfiKnbtyGuBqHrYmAMX',
    region: 'us-east-1'
  }
}
Servidor corriendo en puerto 8000
Executing (default): SELECT 1+1 AS result
Database online
Try to up a file
Objetos en el bucket: undefined
[32m[nodemon] restarting due to changes...[39m
[32m[nodemon] starting `node dist/app.js`[39m
[32m[nodemon] restarting due to changes...[39m
[32m[nodemon] starting `node dist/app.js`[39m
{
  credentials: {
    accessKey: '8XCSIKA2UUQ0QG75GPN1',
    secretKey: 'sGyCpLYBLnT805JPYZBukpfiKnbtyGuBqHrYmAMX',
    region: 'us-east-1'
  }
}
Servidor corriendo en puerto 8000
Executing (default): SELECT 1+1 AS result
Database online
[32m[nodemon] restarting due to changes...[39m
[32m[nodemon] starting `node dist/app.js`[39m
{
  credentials: {
    accessKey: '8XCSIKA2UUQ0QG75GPN1',
    secretKey: 'sGyCpLYBLnT805JPYZBukpfiKnbtyGuBqHrYmAMX',
    region: 'us-east-1'
  }
}
Servidor corriendo en puerto 8000
Executing (default): SELECT 1+1 AS result
Database online
[32m[nodemon] restarting due to changes...[39m
[32m[nodemon] starting `node dist/app.js`[39m
{
  credentials: {
    accessKey: '8XCSIKA2UUQ0QG75GPN1',
    secretKey: 'sGyCpLYBLnT805JPYZBukpfiKnbtyGuBqHrYmAMX',
    region: 'us-east-1'
  }
}
Servidor corriendo en puerto 8000
Executing (default): SELECT 1+1 AS result
Database online
[32m[nodemon] restarting due to changes...[39m
[32m[nodemon] starting `node dist/app.js`[39m
[32m[nodemon] restarting due to changes...[39m
[32m[nodemon] starting `node dist/app.js`[39m
{
  credentials: {
    accessKey: '8XCSIKA2UUQ0QG75GPN1',
    secretKey: 'sGyCpLYBLnT805JPYZBukpfiKnbtyGuBqHrYmAMX',
    region: 'us-east-1'
  }
}
Servidor corriendo en puerto 8000
Executing (default): SELECT 1+1 AS result
Database online
[32m[nodemon] restarting due to changes...[39m
[32m[nodemon] starting `node dist/app.js`[39m
{
  credentials: {
    accessKey: '8XCSIKA2UUQ0QG75GPN1',
    secretKey: 'sGyCpLYBLnT805JPYZBukpfiKnbtyGuBqHrYmAMX',
    region: 'us-east-1'
  }
}
Servidor corriendo en puerto 8000
Executing (default): SELECT 1+1 AS result
Database online
[32m[nodemon] restarting due to changes...[39m
[32m[nodemon] starting `node dist/app.js`[39m
[32m[nodemon] restarting due to changes...[39m
[32m[nodemon] starting `node dist/app.js`[39m
{
  credentials: {
    accessKey: '8XCSIKA2UUQ0QG75GPN1',
    secretKey: 'sGyCpLYBLnT805JPYZBukpfiKnbtyGuBqHrYmAMX',
    region: 'us-east-1'
  }
}
Servidor corriendo en puerto 8000
Executing (default): SELECT 1+1 AS result
Database online
[32m[nodemon] restarting due to changes...[39m
[32m[nodemon] starting `node dist/app.js`[39m
{
  credentials: {
    accessKey: '8XCSIKA2UUQ0QG75GPN1',
    secretKey: 'sGyCpLYBLnT805JPYZBukpfiKnbtyGuBqHrYmAMX',
    region: 'us-east-1'
  }
}
Servidor corriendo en puerto 8000
Executing (default): SELECT 1+1 AS result
Database online
Try to up a file
Objetos en el bucket: undefined
[32m[nodemon] restarting due to changes...[39m
[32m[nodemon] starting `node dist/app.js`[39m
Servidor corriendo en puerto 8000
Executing (default): SELECT 1+1 AS result
Database online
[32m[nodemon] restarting due to changes...[39m
[32m[nodemon] starting `node dist/app.js`[39m
[32m[nodemon] restarting due to changes...[39m
[32m[nodemon] starting `node dist/app.js`[39m
Servidor corriendo en puerto 8000
Executing (default): SELECT 1+1 AS result
Database online
Try to up a file
Objetos en el bucket: undefined
[32m[nodemon] restarting due to changes...[39m
[32m[nodemon] starting `node dist/app.js`[39m
Servidor corriendo en puerto 8000
Executing (default): SELECT 1+1 AS result
Database online
[32m[nodemon] restarting due to changes...[39m
[32m[nodemon] starting `node dist/app.js`[39m
Servidor corriendo en puerto 8000
Executing (default): SELECT 1+1 AS result
Database online
Try to up a file
Objetos en el bucket: undefined
{
  error: Error [ERR_HTTP_HEADERS_SENT]: Cannot set headers after they are sent to the client
      at new NodeError (node:internal/errors:405:5)
      at ServerResponse.setHeader (node:_http_outgoing:648:11)
      at ServerResponse.header (/usr/src/app/node_modules/express/lib/response.js:794:10)
      at ServerResponse.send (/usr/src/app/node_modules/express/lib/response.js:174:12)
      at ServerResponse.json (/usr/src/app/node_modules/express/lib/response.js:278:15)
      at ServerResponse.send (/usr/src/app/node_modules/express/lib/response.js:162:21)
      at /usr/src/app/dist/controllers/AttachmentController.js:106:13
      at Generator.next (<anonymous>)
      at fulfilled (/usr/src/app/dist/controllers/AttachmentController.js:5:58)
      at process.processTicksAndRejections (node:internal/process/task_queues:95:5) {
    code: 'ERR_HTTP_HEADERS_SENT'
  }
}
[31m[nodemon] app crashed - waiting for file changes before starting...[39m
[32m[nodemon] restarting due to changes...[39m
[32m[nodemon] starting `node dist/app.js`[39m
Servidor corriendo en puerto 8000
Executing (default): SELECT 1+1 AS result
Database online
[32m[nodemon] restarting due to changes...[39m
[32m[nodemon] starting `node dist/app.js`[39m
[32m[nodemon] restarting due to changes...[39m
[32m[nodemon] starting `node dist/app.js`[39m
Servidor corriendo en puerto 8000
Executing (default): SELECT 1+1 AS result
Database online
[32m[nodemon] restarting due to changes...[39m
[32m[nodemon] starting `node dist/app.js`[39m
Servidor corriendo en puerto 8000
Executing (default): SELECT 1+1 AS result
Database online
[32m[nodemon] restarting due to changes...[39m
[32m[nodemon] starting `node dist/app.js`[39m
Servidor corriendo en puerto 8000
Executing (default): SELECT 1+1 AS result
Database online
Try to up a file
{
  error: TypeError: client.listBuckets is not a function
      at /usr/src/app/dist/controllers/AttachmentController.js:93:16
      at Generator.next (<anonymous>)
      at /usr/src/app/dist/controllers/AttachmentController.js:8:71
      at new Promise (<anonymous>)
      at __awaiter (/usr/src/app/dist/controllers/AttachmentController.js:4:12)
      at uploadFile (/usr/src/app/dist/controllers/AttachmentController.js:79:34)
      at Layer.handle [as handle_request] (/usr/src/app/node_modules/express/lib/router/layer.js:95:5)
      at next (/usr/src/app/node_modules/express/lib/router/route.js:144:13)
      at Route.dispatch (/usr/src/app/node_modules/express/lib/router/route.js:114:3)
      at Layer.handle [as handle_request] (/usr/src/app/node_modules/express/lib/router/layer.js:95:5)
}
[32m[nodemon] restarting due to changes...[39m
[32m[nodemon] starting `node dist/app.js`[39m
Servidor corriendo en puerto 8000
Executing (default): SELECT 1+1 AS result
Database online
[32m[nodemon] restarting due to changes...[39m
[32m[nodemon] starting `node dist/app.js`[39m
Servidor corriendo en puerto 8000
Executing (default): SELECT 1+1 AS result
Database online
Try to up a file
Objetos en el bucket: undefined
{
  data: {
    '$metadata': {
      httpStatusCode: 200,
      requestId: 'tx00000d97fabe5b3e1d212-0065a0755b-150d2851-sjc1',
      extendedRequestId: undefined,
      cfId: undefined,
      attempts: 1,
      totalRetryDelay: 0
    },
    Buckets: [ [Object], [Object] ],
    Owner: { DisplayName: '69062889', ID: '69062889' }
  }
}
[32m[nodemon] restarting due to changes...[39m
[32m[nodemon] starting `node dist/app.js`[39m
Servidor corriendo en puerto 8000
Executing (default): SELECT 1+1 AS result
Database online
[32m[nodemon] restarting due to changes...[39m
[32m[nodemon] starting `node dist/app.js`[39m
[32m[nodemon] restarting due to changes...[39m
[32m[nodemon] starting `node dist/app.js`[39m
Servidor corriendo en puerto 8000
Executing (default): SELECT 1+1 AS result
Database online
[32m[nodemon] restarting due to changes...[39m
[32m[nodemon] starting `node dist/app.js`[39m
Servidor corriendo en puerto 8000
Executing (default): SELECT 1+1 AS result
Database online
Try to up a file
Objetos en el bucket: undefined
{
  data: {
    '$metadata': {
      httpStatusCode: 200,
      requestId: 'tx0000037d6a4227a09d60b-0065a0757c-150d942e-sjc1',
      extendedRequestId: undefined,
      cfId: undefined,
      attempts: 1,
      totalRetryDelay: 0
    },
    Buckets: [ [Object], [Object] ],
    Owner: { DisplayName: '69062889', ID: '69062889' }
  }
}
[32m[nodemon] restarting due to changes...[39m
[32m[nodemon] starting `node dist/app.js`[39m
Servidor corriendo en puerto 8000
Executing (default): SELECT 1+1 AS result
Database online
Try to up a file
{
  data: {
    '$metadata': {
      httpStatusCode: 200,
      requestId: 'tx00000395018d78dde32e0-0065a0758d-150d4a85-sjc1',
      extendedRequestId: undefined,
      cfId: undefined,
      attempts: 1,
      totalRetryDelay: 0
    },
    Buckets: [ [Object], [Object] ],
    Owner: { DisplayName: '69062889', ID: '69062889' }
  }
}
Objetos en el bucket: undefined
[32m[nodemon] restarting due to changes...[39m
[32m[nodemon] starting `node dist/app.js`[39m
Servidor corriendo en puerto 8000
Executing (default): SELECT 1+1 AS result
Database online
[32m[nodemon] restarting due to changes...[39m
[32m[nodemon] starting `node dist/app.js`[39m
Servidor corriendo en puerto 8000
Executing (default): SELECT 1+1 AS result
Database online
[32m[nodemon] restarting due to changes...[39m
[32m[nodemon] starting `node dist/app.js`[39m
Servidor corriendo en puerto 8000
Executing (default): SELECT 1+1 AS result
Database online
Try to up a file
Objetos en el bucket: undefined
{
  data: {
    '$metadata': {
      httpStatusCode: 200,
      requestId: 'tx000001dfd6a7358ba404c-0065a07600-150d4a85-sjc1',
      extendedRequestId: undefined,
      cfId: undefined,
      attempts: 1,
      totalRetryDelay: 0
    },
    Buckets: [ [Object], [Object] ],
    Owner: { DisplayName: '69062889', ID: '69062889' }
  }
}
[32m[nodemon] restarting due to changes...[39m
[32m[nodemon] starting `node dist/app.js`[39m
Servidor corriendo en puerto 8000
Executing (default): SELECT 1+1 AS result
Database online
Try to up a file
{
  error: Error: No value provided for input HTTP label: Bucket.
      at resolvedPath (/usr/src/app/node_modules/@smithy/smithy-client/dist-cjs/resolve-path.js:19:15)
      at /usr/src/app/node_modules/@smithy/core/dist-cjs/protocols/requestBuilder.js:51:58
      at RequestBuilder.build (/usr/src/app/node_modules/@smithy/core/dist-cjs/protocols/requestBuilder.js:26:13)
      at process.processTicksAndRejections (node:internal/process/task_queues:95:5)
}
{
  data: {
    '$metadata': {
      httpStatusCode: 200,
      requestId: 'tx00000ae83e61b70e356a5-0065a07635-150daeb5-sjc1',
      extendedRequestId: undefined,
      cfId: undefined,
      attempts: 1,
      totalRetryDelay: 0
    },
    Buckets: [ [Object], [Object] ],
    Owner: { DisplayName: '69062889', ID: '69062889' }
  }
}
[32m[nodemon] restarting due to changes...[39m
[32m[nodemon] starting `node dist/app.js`[39m
Servidor corriendo en puerto 8000
Executing (default): SELECT 1+1 AS result
Database online
[32m[nodemon] restarting due to changes...[39m
[32m[nodemon] starting `node dist/app.js`[39m
Servidor corriendo en puerto 8000
Executing (default): SELECT 1+1 AS result
Database online
Try to up a file
{
  data: {
    '$metadata': {
      httpStatusCode: 200,
      requestId: 'tx000002fdfcc71dc50235b-0065a0764f-150d952d-sjc1',
      extendedRequestId: undefined,
      cfId: undefined,
      attempts: 1,
      totalRetryDelay: 0
    },
    Buckets: [ [Object], [Object] ],
    Owner: { DisplayName: '69062889', ID: '69062889' }
  }
}
Objetos en el bucket: [
  {
    Key: 'ira/',
    LastModified: 2024-01-11T23:04:32.916Z,
    ETag: '"d41d8cd98f00b204e9800998ecf8427e"',
    Size: 0,
    StorageClass: 'STANDARD',
    Owner: { DisplayName: '69062889', ID: '69062889' }
  }
]
[32m[nodemon] restarting due to changes...[39m
[32m[nodemon] starting `node dist/app.js`[39m
Servidor corriendo en puerto 8000
Executing (default): SELECT 1+1 AS result
Database online
[32m[nodemon] restarting due to changes...[39m
[32m[nodemon] starting `node dist/app.js`[39m
Servidor corriendo en puerto 8000
Executing (default): SELECT 1+1 AS result
Database online
[32m[nodemon] restarting due to changes...[39m
[32m[nodemon] starting `node dist/app.js`[39m
Servidor corriendo en puerto 8000
Executing (default): SELECT 1+1 AS result
Database online
[32m[nodemon] restarting due to changes...[39m
[32m[nodemon] restarting due to changes...[39m
[32m[nodemon] starting `node dist/app.js`[39m
Servidor corriendo en puerto 8000
Executing (default): SELECT 1+1 AS result
Database online
[32m[nodemon] restarting due to changes...[39m
[32m[nodemon] starting `node dist/app.js`[39m
Servidor corriendo en puerto 8000
Executing (default): SELECT 1+1 AS result
Database online
[32m[nodemon] restarting due to changes...[39m
[32m[nodemon] starting `node dist/app.js`[39m
[32m[nodemon] restarting due to changes...[39m
[32m[nodemon] starting `node dist/app.js`[39m
Servidor corriendo en puerto 8000
Executing (default): SELECT 1+1 AS result
Database online
[32m[nodemon] restarting due to changes...[39m
[32m[nodemon] restarting due to changes...[39m
[32m[nodemon] starting `node dist/app.js`[39m
[32m[nodemon] restarting due to changes...[39m
[32m[nodemon] starting `node dist/app.js`[39m
Servidor corriendo en puerto 8000
Executing (default): SELECT 1+1 AS result
Database online
[32m[nodemon] restarting due to changes...[39m
[32m[nodemon] starting `node dist/app.js`[39m
Servidor corriendo en puerto 8000
Executing (default): SELECT 1+1 AS result
Database online
[32m[nodemon] restarting due to changes...[39m
[32m[nodemon] starting `node dist/app.js`[39m
Servidor corriendo en puerto 8000
Executing (default): SELECT 1+1 AS result
Database online
[32m[nodemon] restarting due to changes...[39m
[32m[nodemon] starting `node dist/app.js`[39m
[31m[nodemon] app crashed - waiting for file changes before starting...[39m
[32m[nodemon] restarting due to changes...[39m
[32m[nodemon] starting `node dist/app.js`[39m
[32m[nodemon] restarting due to changes...[39m
[32m[nodemon] starting `node dist/app.js`[39m
Servidor corriendo en puerto 8000
Executing (default): SELECT 1+1 AS result
Database online
[32m[nodemon] restarting due to changes...[39m
[32m[nodemon] starting `node dist/app.js`[39m
Servidor corriendo en puerto 8000
Executing (default): SELECT 1+1 AS result
Database online
[32m[nodemon] restarting due to changes...[39m
[32m[nodemon] starting `node dist/app.js`[39m
Servidor corriendo en puerto 8000
Executing (default): SELECT 1+1 AS result
Database online
[32m[nodemon] restarting due to changes...[39m
[32m[nodemon] starting `node dist/app.js`[39m
Servidor corriendo en puerto 8000
Executing (default): SELECT 1+1 AS result
Database online
[32m[nodemon] restarting due to changes...[39m
[32m[nodemon] starting `node dist/app.js`[39m
Servidor corriendo en puerto 8000
Executing (default): SELECT 1+1 AS result
Database online
[32m[nodemon] restarting due to changes...[39m
[32m[nodemon] starting `node dist/app.js`[39m
[32m[nodemon] restarting due to changes...[39m
[32m[nodemon] starting `node dist/app.js`[39m
Servidor corriendo en puerto 8000
Executing (default): SELECT 1+1 AS result
Database online
[32m[nodemon] restarting due to changes...[39m
[32m[nodemon] starting `node dist/app.js`[39m
Servidor corriendo en puerto 8000
Executing (default): SELECT 1+1 AS result
Database online
[32m[nodemon] restarting due to changes...[39m
[32m[nodemon] restarting due to changes...[39m
[32m[nodemon] starting `node dist/app.js`[39m
Servidor corriendo en puerto 8000
Executing (default): SELECT 1+1 AS result
Database online
[32m[nodemon] restarting due to changes...[39m
[32m[nodemon] starting `node dist/app.js`[39m
Servidor corriendo en puerto 8000
Executing (default): SELECT 1+1 AS result
Database online
[32m[nodemon] restarting due to changes...[39m
[32m[nodemon] starting `node dist/app.js`[39m
Servidor corriendo en puerto 8000
Executing (default): SELECT 1+1 AS result
Database online
[32m[nodemon] restarting due to changes...[39m
[32m[nodemon] starting `node dist/app.js`[39m
Servidor corriendo en puerto 8000
Executing (default): SELECT 1+1 AS result
Database online
[32m[nodemon] restarting due to changes...[39m
[32m[nodemon] starting `node dist/app.js`[39m
[31m[nodemon] app crashed - waiting for file changes before starting...[39m
[32m[nodemon] restarting due to changes...[39m
[32m[nodemon] starting `node dist/app.js`[39m
[31m[nodemon] app crashed - waiting for file changes before starting...[39m
[32m[nodemon] restarting due to changes...[39m
[32m[nodemon] starting `node dist/app.js`[39m
[32m[nodemon] restarting due to changes...[39m
[32m[nodemon] starting `node dist/app.js`[39m
Servidor corriendo en puerto 8000
Executing (default): SELECT 1+1 AS result
Database online
[32m[nodemon] restarting due to changes...[39m
[32m[nodemon] starting `node dist/app.js`[39m
Servidor corriendo en puerto 8000
Executing (default): SELECT 1+1 AS result
Database online
[32m[nodemon] restarting due to changes...[39m
[32m[nodemon] starting `node dist/app.js`[39m
Servidor corriendo en puerto 8000
Executing (default): SELECT 1+1 AS result
Database online
[32m[nodemon] restarting due to changes...[39m
[32m[nodemon] starting `node dist/app.js`[39m
Servidor corriendo en puerto 8000
Executing (default): SELECT 1+1 AS result
Database online
[32m[nodemon] restarting due to changes...[39m
[32m[nodemon] starting `node dist/app.js`[39m
Servidor corriendo en puerto 8000
Executing (default): SELECT 1+1 AS result
Database online
[32m[nodemon] restarting due to changes...[39m
[32m[nodemon] starting `node dist/app.js`[39m
[32m[nodemon] restarting due to changes...[39m
[32m[nodemon] starting `node dist/app.js`[39m
[32m[nodemon] restarting due to changes...[39m
[32m[nodemon] starting `node dist/app.js`[39m
[32m[nodemon] restarting due to changes...[39m
[32m[nodemon] starting `node dist/app.js`[39m
[32m[nodemon] restarting due to changes...[39m
[32m[nodemon] starting `node dist/app.js`[39m
Servidor corriendo en puerto 8000
Executing (default): SELECT 1+1 AS result
Database online
[32m[nodemon] restarting due to changes...[39m
[32m[nodemon] starting `node dist/app.js`[39m
Servidor corriendo en puerto 8000
Executing (default): SELECT 1+1 AS result
Database online
[32m[nodemon] restarting due to changes...[39m
[32m[nodemon] starting `node dist/app.js`[39m
Servidor corriendo en puerto 8000
Executing (default): SELECT 1+1 AS result
Database online
Try to up a file
{
  error: TypeError: Cannot read properties of undefined (reading 'originalname')
      at /usr/src/app/dist/controllers/AttachmentController.js:110:38
      at Generator.next (<anonymous>)
      at /usr/src/app/dist/controllers/AttachmentController.js:31:71
      at new Promise (<anonymous>)
      at __awaiter (/usr/src/app/dist/controllers/AttachmentController.js:27:12)
      at uploadFile (/usr/src/app/dist/controllers/AttachmentController.js:103:34)
      at Layer.handle [as handle_request] (/usr/src/app/node_modules/express/lib/router/layer.js:95:5)
      at next (/usr/src/app/node_modules/express/lib/router/route.js:144:13)
      at Route.dispatch (/usr/src/app/node_modules/express/lib/router/route.js:114:3)
      at Layer.handle [as handle_request] (/usr/src/app/node_modules/express/lib/router/layer.js:95:5)
}
[32m[nodemon] restarting due to changes...[39m
[32m[nodemon] starting `node dist/app.js`[39m
Servidor corriendo en puerto 8000
Executing (default): SELECT 1+1 AS result
Database online
Try to up a file
{
  error: TypeError: Cannot read properties of undefined (reading 'originalname')
      at /usr/src/app/dist/controllers/AttachmentController.js:111:38
      at Generator.next (<anonymous>)
      at /usr/src/app/dist/controllers/AttachmentController.js:31:71
      at new Promise (<anonymous>)
      at __awaiter (/usr/src/app/dist/controllers/AttachmentController.js:27:12)
      at uploadFile (/usr/src/app/dist/controllers/AttachmentController.js:103:34)
      at Layer.handle [as handle_request] (/usr/src/app/node_modules/express/lib/router/layer.js:95:5)
      at next (/usr/src/app/node_modules/express/lib/router/route.js:144:13)
      at Route.dispatch (/usr/src/app/node_modules/express/lib/router/route.js:114:3)
      at Layer.handle [as handle_request] (/usr/src/app/node_modules/express/lib/router/layer.js:95:5)
}
[31m[nodemon] app crashed - waiting for file changes before starting...[39m
[32m[nodemon] restarting due to changes...[39m
[32m[nodemon] starting `node dist/app.js`[39m
Servidor corriendo en puerto 8000
Executing (default): SELECT 1+1 AS result
Database online
Try to up a file
{
  error: TypeError: Cannot read properties of undefined (reading 'originalname')
      at /usr/src/app/dist/controllers/AttachmentController.js:111:38
      at Generator.next (<anonymous>)
      at /usr/src/app/dist/controllers/AttachmentController.js:31:71
      at new Promise (<anonymous>)
      at __awaiter (/usr/src/app/dist/controllers/AttachmentController.js:27:12)
      at uploadFile (/usr/src/app/dist/controllers/AttachmentController.js:103:34)
      at Layer.handle [as handle_request] (/usr/src/app/node_modules/express/lib/router/layer.js:95:5)
      at next (/usr/src/app/node_modules/express/lib/router/route.js:144:13)
      at Route.dispatch (/usr/src/app/node_modules/express/lib/router/route.js:114:3)
      at Layer.handle [as handle_request] (/usr/src/app/node_modules/express/lib/router/layer.js:95:5)
}
[31m[nodemon] app crashed - waiting for file changes before starting...[39m
[32m[nodemon] restarting due to changes...[39m
[32m[nodemon] starting `node dist/app.js`[39m
Servidor corriendo en puerto 8000
Executing (default): SELECT 1+1 AS result
Database online
Try to up a file
{
  error: ReferenceError: params is not defined
      at /usr/src/app/dist/controllers/AttachmentController.js:114:58
      at Generator.next (<anonymous>)
      at /usr/src/app/dist/controllers/AttachmentController.js:31:71
      at new Promise (<anonymous>)
      at __awaiter (/usr/src/app/dist/controllers/AttachmentController.js:27:12)
      at uploadFile (/usr/src/app/dist/controllers/AttachmentController.js:103:34)
      at Layer.handle [as handle_request] (/usr/src/app/node_modules/express/lib/router/layer.js:95:5)
      at next (/usr/src/app/node_modules/express/lib/router/route.js:144:13)
      at Route.dispatch (/usr/src/app/node_modules/express/lib/router/route.js:114:3)
      at Layer.handle [as handle_request] (/usr/src/app/node_modules/express/lib/router/layer.js:95:5)
}
[31m[nodemon] app crashed - waiting for file changes before starting...[39m
[32m[nodemon] restarting due to changes...[39m
[32m[nodemon] starting `node dist/app.js`[39m
Servidor corriendo en puerto 8000
Executing (default): SELECT 1+1 AS result
Database online
[32m[nodemon] restarting due to changes...[39m
[32m[nodemon] starting `node dist/app.js`[39m
Servidor corriendo en puerto 8000
Executing (default): SELECT 1+1 AS result
Database online
[32m[nodemon] restarting due to changes...[39m
[32m[nodemon] starting `node dist/app.js`[39m
Servidor corriendo en puerto 8000
Executing (default): SELECT 1+1 AS result
Database online
[32m[nodemon] restarting due to changes...[39m
[32m[nodemon] starting `node dist/app.js`[39m
Servidor corriendo en puerto 8000
Executing (default): SELECT 1+1 AS result
Database online
Try to up a file
{
  error: TypeError: Converting circular structure to JSON
      --> starting at object with constructor 'Socket'
      |     property 'parser' -> object with constructor 'HTTPParser'
      --- property 'socket' closes the circle
      at JSON.stringify (<anonymous>)
      at stringify (/usr/src/app/node_modules/express/lib/response.js:1150:12)
      at ServerResponse.json (/usr/src/app/node_modules/express/lib/response.js:271:14)
      at ServerResponse.send (/usr/src/app/node_modules/express/lib/response.js:162:21)
      at /usr/src/app/dist/controllers/AttachmentController.js:108:13
      at Generator.next (<anonymous>)
      at /usr/src/app/dist/controllers/AttachmentController.js:31:71
      at new Promise (<anonymous>)
      at __awaiter (/usr/src/app/dist/controllers/AttachmentController.js:27:12)
      at uploadFile (/usr/src/app/dist/controllers/AttachmentController.js:103:34)
}
[32m[nodemon] restarting due to changes...[39m
[32m[nodemon] starting `node dist/app.js`[39m
Servidor corriendo en puerto 8000
Executing (default): SELECT 1+1 AS result
Database online
Try to up a file
{
  error: TypeError: Converting circular structure to JSON
      --> starting at object with constructor 'Socket'
      |     property 'parser' -> object with constructor 'HTTPParser'
      --- property 'socket' closes the circle
      at JSON.stringify (<anonymous>)
      at /usr/src/app/dist/controllers/AttachmentController.js:108:23
      at Generator.next (<anonymous>)
      at /usr/src/app/dist/controllers/AttachmentController.js:31:71
      at new Promise (<anonymous>)
      at __awaiter (/usr/src/app/dist/controllers/AttachmentController.js:27:12)
      at uploadFile (/usr/src/app/dist/controllers/AttachmentController.js:103:34)
      at Layer.handle [as handle_request] (/usr/src/app/node_modules/express/lib/router/layer.js:95:5)
      at next (/usr/src/app/node_modules/express/lib/router/route.js:144:13)
      at Route.dispatch (/usr/src/app/node_modules/express/lib/router/route.js:114:3)
}
[32m[nodemon] restarting due to changes...[39m
[32m[nodemon] starting `node dist/app.js`[39m
Servidor corriendo en puerto 8000
Executing (default): SELECT 1+1 AS result
Database online
Try to up a file
[32m[nodemon] restarting due to changes...[39m
[32m[nodemon] starting `node dist/app.js`[39m
Servidor corriendo en puerto 8000
Executing (default): SELECT 1+1 AS result
Database online
Try to up a file
[32m[nodemon] restarting due to changes...[39m
[32m[nodemon] starting `node dist/app.js`[39m
Servidor corriendo en puerto 8000
Executing (default): SELECT 1+1 AS result
Database online
[32m[nodemon] restarting due to changes...[39m
[32m[nodemon] starting `node dist/app.js`[39m
Servidor corriendo en puerto 8000
Executing (default): SELECT 1+1 AS result
Database online
Try to up a file
[32m[nodemon] restarting due to changes...[39m
[32m[nodemon] starting `node dist/app.js`[39m
Servidor corriendo en puerto 8000
Executing (default): SELECT 1+1 AS result
Database online
Try to up a file
{
  error: TypeError: Converting circular structure to JSON
      --> starting at object with constructor 'Socket'
      |     property 'parser' -> object with constructor 'HTTPParser'
      --- property 'socket' closes the circle
      at JSON.stringify (<anonymous>)
      at stringify (/usr/src/app/node_modules/express/lib/response.js:1150:12)
      at ServerResponse.json (/usr/src/app/node_modules/express/lib/response.js:271:14)
      at ServerResponse.send (/usr/src/app/node_modules/express/lib/response.js:162:21)
      at /usr/src/app/dist/controllers/AttachmentController.js:108:13
      at Generator.next (<anonymous>)
      at /usr/src/app/dist/controllers/AttachmentController.js:31:71
      at new Promise (<anonymous>)
      at __awaiter (/usr/src/app/dist/controllers/AttachmentController.js:27:12)
      at uploadFile (/usr/src/app/dist/controllers/AttachmentController.js:103:34)
}
[32m[nodemon] restarting due to changes...[39m
[32m[nodemon] starting `node dist/app.js`[39m
Servidor corriendo en puerto 8000
Executing (default): SELECT 1+1 AS result
Database online
[32m[nodemon] restarting due to changes...[39m
[32m[nodemon] starting `node dist/app.js`[39m
Servidor corriendo en puerto 8000
Executing (default): SELECT 1+1 AS result
Database online
Try to up a file
[32m[nodemon] restarting due to changes...[39m
[32m[nodemon] starting `node dist/app.js`[39m
[31m[nodemon] app crashed - waiting for file changes before starting...[39m
[32m[nodemon] restarting due to changes...[39m
[32m[nodemon] starting `node dist/app.js`[39m
[31m[nodemon] app crashed - waiting for file changes before starting...[39m
[32m[nodemon] restarting due to changes...[39m
[32m[nodemon] starting `node dist/app.js`[39m
[31m[nodemon] app crashed - waiting for file changes before starting...[39m
[32m[nodemon] restarting due to changes...[39m
[32m[nodemon] starting `node dist/app.js`[39m
[32m[nodemon] restarting due to changes...[39m
[32m[nodemon] starting `node dist/app.js`[39m
[31m[nodemon] app crashed - waiting for file changes before starting...[39m
[32m[nodemon] restarting due to changes...[39m
[32m[nodemon] starting `node dist/app.js`[39m
[32m[nodemon] restarting due to changes...[39m
[32m[nodemon] starting `node dist/app.js`[39m
[31m[nodemon] app crashed - waiting for file changes before starting...[39m
[32m[nodemon] restarting due to changes...[39m
[32m[nodemon] starting `node dist/app.js`[39m
[31m[nodemon] app crashed - waiting for file changes before starting...[39m
[32m[nodemon] restarting due to changes...[39m
[32m[nodemon] starting `node dist/app.js`[39m
[32m[nodemon] restarting due to changes...[39m
[32m[nodemon] starting `node dist/app.js`[39m
[31m[nodemon] app crashed - waiting for file changes before starting...[39m
[32m[nodemon] restarting due to changes...[39m
[32m[nodemon] starting `node dist/app.js`[39m
[31m[nodemon] app crashed - waiting for file changes before starting...[39m
[32m[nodemon] restarting due to changes...[39m
[32m[nodemon] starting `node dist/app.js`[39m
Servidor corriendo en puerto 8000
Executing (default): SELECT 1+1 AS result
Database online
[32m[nodemon] restarting due to changes...[39m
[32m[nodemon] starting `node dist/app.js`[39m
Servidor corriendo en puerto 8000
Executing (default): SELECT 1+1 AS result
Database online
Try to up a file
[32m[nodemon] restarting due to changes...[39m
[32m[nodemon] starting `node dist/app.js`[39m
Servidor corriendo en puerto 8000
Executing (default): SELECT 1+1 AS result
Database online
[32m[nodemon] restarting due to changes...[39m
[32m[nodemon] starting `node dist/app.js`[39m
Servidor corriendo en puerto 8000
Executing (default): SELECT 1+1 AS result
Database online
[32m[nodemon] restarting due to changes...[39m
[32m[nodemon] starting `node dist/app.js`[39m
[32m[nodemon] restarting due to changes...[39m
[32m[nodemon] starting `node dist/app.js`[39m
Servidor corriendo en puerto 8000
Executing (default): SELECT 1+1 AS result
Database online
[32m[nodemon] restarting due to changes...[39m
[32m[nodemon] starting `node dist/app.js`[39m
Servidor corriendo en puerto 8000
Executing (default): SELECT 1+1 AS result
Database online
Try to up a file
Objetos en el bucket: undefined
{
  error: Error [ERR_HTTP_HEADERS_SENT]: Cannot set headers after they are sent to the client
      at new NodeError (node:internal/errors:405:5)
      at ServerResponse.setHeader (node:_http_outgoing:648:11)
      at ServerResponse.header (/usr/src/app/node_modules/express/lib/response.js:794:10)
      at ServerResponse.send (/usr/src/app/node_modules/express/lib/response.js:174:12)
      at ServerResponse.json (/usr/src/app/node_modules/express/lib/response.js:278:15)
      at ServerResponse.send (/usr/src/app/node_modules/express/lib/response.js:162:21)
      at /usr/src/app/dist/controllers/AttachmentController.js:121:13
      at Generator.next (<anonymous>)
      at fulfilled (/usr/src/app/dist/controllers/AttachmentController.js:28:58)
      at process.processTicksAndRejections (node:internal/process/task_queues:95:5) {
    code: 'ERR_HTTP_HEADERS_SENT'
  }
}
[31m[nodemon] app crashed - waiting for file changes before starting...[39m
[32m[nodemon] restarting due to changes...[39m
[32m[nodemon] starting `node dist/app.js`[39m
Servidor corriendo en puerto 8000
Executing (default): SELECT 1+1 AS result
Database online
Try to up a file
Objetos en el bucket: undefined
{
  error: Error [ERR_HTTP_HEADERS_SENT]: Cannot set headers after they are sent to the client
      at new NodeError (node:internal/errors:405:5)
      at ServerResponse.setHeader (node:_http_outgoing:648:11)
      at ServerResponse.header (/usr/src/app/node_modules/express/lib/response.js:794:10)
      at ServerResponse.send (/usr/src/app/node_modules/express/lib/response.js:174:12)
      at ServerResponse.json (/usr/src/app/node_modules/express/lib/response.js:278:15)
      at ServerResponse.send (/usr/src/app/node_modules/express/lib/response.js:162:21)
      at /usr/src/app/dist/controllers/AttachmentController.js:121:13
      at Generator.next (<anonymous>)
      at fulfilled (/usr/src/app/dist/controllers/AttachmentController.js:28:58)
      at process.processTicksAndRejections (node:internal/process/task_queues:95:5) {
    code: 'ERR_HTTP_HEADERS_SENT'
  }
}
[31m[nodemon] app crashed - waiting for file changes before starting...[39m
[32m[nodemon] restarting due to changes...[39m
[32m[nodemon] starting `node dist/app.js`[39m
Servidor corriendo en puerto 8000
Executing (default): SELECT 1+1 AS result
Database online
[32m[nodemon] restarting due to changes...[39m
[32m[nodemon] starting `node dist/app.js`[39m
Servidor corriendo en puerto 8000
Executing (default): SELECT 1+1 AS result
Database online
Try to up a file
Objetos en el bucket: undefined
[32m[nodemon] restarting due to changes...[39m
[32m[nodemon] starting `node dist/app.js`[39m
Servidor corriendo en puerto 8000
Executing (default): SELECT 1+1 AS result
Database online
Try to up a file
{
  error: Error: No value provided for input HTTP label: Key.
      at resolvedPath (/usr/src/app/node_modules/@smithy/smithy-client/dist-cjs/resolve-path.js:19:15)
      at /usr/src/app/node_modules/@smithy/core/dist-cjs/protocols/requestBuilder.js:51:58
      at RequestBuilder.build (/usr/src/app/node_modules/@smithy/core/dist-cjs/protocols/requestBuilder.js:26:13)
      at process.processTicksAndRejections (node:internal/process/task_queues:95:5)
}
[32m[nodemon] restarting due to changes...[39m
[32m[nodemon] starting `node dist/app.js`[39m
Servidor corriendo en puerto 8000
Executing (default): SELECT 1+1 AS result
Database online
Try to up a file
{
  error: Error: No value provided for input HTTP label: Key.
      at resolvedPath (/usr/src/app/node_modules/@smithy/smithy-client/dist-cjs/resolve-path.js:19:15)
      at /usr/src/app/node_modules/@smithy/core/dist-cjs/protocols/requestBuilder.js:51:58
      at RequestBuilder.build (/usr/src/app/node_modules/@smithy/core/dist-cjs/protocols/requestBuilder.js:26:13)
      at process.processTicksAndRejections (node:internal/process/task_queues:95:5)
}
[32m[nodemon] restarting due to changes...[39m
[32m[nodemon] starting `node dist/app.js`[39m
Servidor corriendo en puerto 8000
Executing (default): SELECT 1+1 AS result
Database online
[32m[nodemon] restarting due to changes...[39m
[32m[nodemon] starting `node dist/app.js`[39m
[32m[nodemon] restarting due to changes...[39m
[32m[nodemon] starting `node dist/app.js`[39m
Servidor corriendo en puerto 8000
Executing (default): SELECT 1+1 AS result
Database online
Try to up a file
Objetos en el bucket: undefined
[32m[nodemon] restarting due to changes...[39m
[32m[nodemon] starting `node dist/app.js`[39m
Servidor corriendo en puerto 8000
Executing (default): SELECT 1+1 AS result
Database online
[32m[nodemon] restarting due to changes...[39m
[32m[nodemon] starting `node dist/app.js`[39m
[32m[nodemon] restarting due to changes...[39m
[32m[nodemon] starting `node dist/app.js`[39m
Servidor corriendo en puerto 8000
Executing (default): SELECT 1+1 AS result
Database online
[32m[nodemon] restarting due to changes...[39m
[32m[nodemon] starting `node dist/app.js`[39m
Servidor corriendo en puerto 8000
Executing (default): SELECT 1+1 AS result
Database online
[32m[nodemon] restarting due to changes...[39m
[32m[nodemon] starting `node dist/app.js`[39m
Servidor corriendo en puerto 8000
Executing (default): SELECT 1+1 AS result
Database online
[32m[nodemon] restarting due to changes...[39m
[32m[nodemon] starting `node dist/app.js`[39m
Servidor corriendo en puerto 8000
Executing (default): SELECT 1+1 AS result
Database online
[32m[nodemon] restarting due to changes...[39m
[32m[nodemon] starting `node dist/app.js`[39m
[32m[nodemon] restarting due to changes...[39m
[32m[nodemon] starting `node dist/app.js`[39m
Servidor corriendo en puerto 8000
Executing (default): SELECT 1+1 AS result
Database online
[32m[nodemon] restarting due to changes...[39m
[32m[nodemon] starting `node dist/app.js`[39m
Servidor corriendo en puerto 8000
Executing (default): SELECT 1+1 AS result
Database online
[32m[nodemon] restarting due to changes...[39m
[32m[nodemon] starting `node dist/app.js`[39m
Servidor corriendo en puerto 8000
Executing (default): SELECT 1+1 AS result
Database online
[32m[nodemon] restarting due to changes...[39m
[32m[nodemon] starting `node dist/app.js`[39m
[32m[nodemon] restarting due to changes...[39m
[32m[nodemon] starting `node dist/app.js`[39m
Servidor corriendo en puerto 8000
Executing (default): SELECT 1+1 AS result
Database online
[32m[nodemon] restarting due to changes...[39m
[32m[nodemon] starting `node dist/app.js`[39m
Servidor corriendo en puerto 8000
Executing (default): SELECT 1+1 AS result
Database online
Try to up a file
Try to up a file
